D, [2015-02-14T12:55:49.267337 #10126] DEBUG -- : Response is not Chunked 
 <html>\n<head>\n<meta http-equiv="Content-Type" content="text/html; charset=utf-8"/>\n<title>Error 401 Unauthorized</title>
</head>
<body>
<h2>HTTP ERROR: 401</h2>
<p>Problem accessing '/1.1/user.json?track=RND_cpp'. Reason:
<pre>    Unauthorized</pre>
</body>
</html>
 (RuntimeError)
/home/rnd/NomurishPatioBot/lib/twitter_api.rb:65:in `block (2 levels) in connect_stream'
/home/rnd/.rbenv/versions/2.1.0/lib/ruby/2.1.0/net/http.rb:1415:in `block (2 levels) in transport_request'
/home/rnd/.rbenv/versions/2.1.0/lib/ruby/2.1.0/net/http/response.rb:162:in `reading_body'
/home/rnd/.rbenv/versions/2.1.0/lib/ruby/2.1.0/net/http.rb:1414:in `block in transport_request'
/home/rnd/.rbenv/versions/2.1.0/lib/ruby/2.1.0/net/http.rb:1405:in `catch'
/home/rnd/.rbenv/versions/2.1.0/lib/ruby/2.1.0/net/http.rb:1405:in `transport_request'
/home/rnd/.rbenv/versions/2.1.0/lib/ruby/2.1.0/net/http.rb:1378:in `request'
/home/rnd/NomurishPatioBot/lib/twitter_api.rb:62:in `block in connect_stream'
/home/rnd/.rbenv/versions/2.1.0/lib/ruby/2.1.0/net/http.rb:853:in `start'
/home/rnd/NomurishPatioBot/lib/twitter_api.rb:52:in `connect_stream'
/home/rnd/NomurishPatioBot/bot.rb:21:in `block in initialize'
