D, [2015-02-15T15:24:56.994406 #15013] DEBUG -- : start
D, [2015-02-15T15:24:57.031246 #15013] DEBUG -- : TwitterAPI init
D, [2015-02-15T15:24:57.367523 #15013] DEBUG -- : start https
D, [2015-02-15T15:24:57.700153 #15013] DEBUG -- : response chunk
D, [2015-02-15T15:24:57.700297 #15013] DEBUG -- : response chunk
D, [2015-02-15T15:25:28.673237 #15013] DEBUG -- : response chunk
D, [2015-02-15T15:25:28.673427 #15013] DEBUG -- : response chunk
D, [2015-02-15T15:25:28.863420 #15013] DEBUG -- : response chunk
D, [2015-02-15T15:25:28.863605 #15013] DEBUG -- : response chunk
D, [2015-02-15T15:25:29.694657 #15013] DEBUG -- : response chunk
D, [2015-02-15T15:25:29.694824 #15013] DEBUG -- : response chunk
D, [2015-02-15T15:25:29.699804 #15013] DEBUG -- : response chunk
D, [2015-02-15T15:25:29.699889 #15013] DEBUG -- : response chunk
D, [2015-02-15T15:25:59.700976 #15013] DEBUG -- : response chunk
D, [2015-02-15T15:25:59.701274 #15013] DEBUG -- : response chunk
D, [2015-02-15T15:25:59.978416 #15013] DEBUG -- : response chunk
D, [2015-02-15T15:25:59.978643 #15013] DEBUG -- : response chunk
D, [2015-02-15T15:26:00.614284 #15013] DEBUG -- : response chunk
D, [2015-02-15T15:26:00.614451 #15013] DEBUG -- : response chunk
D, [2015-02-15T15:26:00.818306 #15013] DEBUG -- : response chunk
D, [2015-02-15T15:26:00.818475 #15013] DEBUG -- : response chunk
D, [2015-02-15T15:26:30.729548 #15013] DEBUG -- : response chunk
D, [2015-02-15T15:26:30.729759 #15013] DEBUG -- : response chunk
D, [2015-02-15T15:26:31.110880 #15013] DEBUG -- : response chunk
D, [2015-02-15T15:26:31.111180 #15013] DEBUG -- : response chunk
D, [2015-02-15T15:26:31.515823 #15013] DEBUG -- : response chunk
D, [2015-02-15T15:26:31.515975 #15013] DEBUG -- : response chunk
D, [2015-02-15T15:26:31.963922 #15013] DEBUG -- : response chunk
D, [2015-02-15T15:26:31.964092 #15013] DEBUG -- : response chunk
D, [2015-02-15T15:27:01.827475 #15013] DEBUG -- : response chunk
D, [2015-02-15T15:27:01.827716 #15013] DEBUG -- : response chunk
D, [2015-02-15T15:27:02.227717 #15013] DEBUG -- : response chunk
D, [2015-02-15T15:27:02.228094 #15013] DEBUG -- : response chunk
D, [2015-02-15T15:27:02.414743 #15013] DEBUG -- : response chunk
D, [2015-02-15T15:27:02.414944 #15013] DEBUG -- : response chunk
D, [2015-02-15T15:27:03.132067 #15013] DEBUG -- : response chunk
D, [2015-02-15T15:27:03.132315 #15013] DEBUG -- : response chunk
D, [2015-02-15T15:27:32.858751 #15013] DEBUG -- : response chunk
D, [2015-02-15T15:27:32.858951 #15013] DEBUG -- : response chunk
D, [2015-02-15T15:27:33.306033 #15013] DEBUG -- : response chunk
D, [2015-02-15T15:27:33.306246 #15013] DEBUG -- : response chunk
D, [2015-02-15T15:27:33.347478 #15013] DEBUG -- : response chunk
D, [2015-02-15T15:27:33.347672 #15013] DEBUG -- : response chunk
D, [2015-02-15T15:27:34.231540 #15013] DEBUG -- : response chunk
D, [2015-02-15T15:27:34.231734 #15013] DEBUG -- : response chunk
D, [2015-02-15T15:28:03.927735 #15013] DEBUG -- : response chunk
D, [2015-02-15T15:28:03.927914 #15013] DEBUG -- : response chunk
D, [2015-02-15T15:28:04.213028 #15013] DEBUG -- : response chunk
D, [2015-02-15T15:28:04.213229 #15013] DEBUG -- : response chunk
D, [2015-02-15T15:28:04.482255 #15013] DEBUG -- : response chunk
D, [2015-02-15T15:28:04.482490 #15013] DEBUG -- : response chunk
D, [2015-02-15T15:28:05.332438 #15013] DEBUG -- : response chunk
D, [2015-02-15T15:28:05.332616 #15013] DEBUG -- : response chunk
D, [2015-02-15T15:28:34.977588 #15013] DEBUG -- : response chunk
D, [2015-02-15T15:28:34.977843 #15013] DEBUG -- : response chunk
D, [2015-02-15T15:28:35.125668 #15013] DEBUG -- : response chunk
D, [2015-02-15T15:28:35.125844 #15013] DEBUG -- : response chunk
D, [2015-02-15T15:28:35.639555 #15013] DEBUG -- : response chunk
D, [2015-02-15T15:28:35.639744 #15013] DEBUG -- : response chunk
D, [2015-02-15T15:28:36.399924 #15013] DEBUG -- : response chunk
D, [2015-02-15T15:28:36.400086 #15013] DEBUG -- : response chunk
D, [2015-02-15T15:29:06.030628 #15013] DEBUG -- : response chunk
D, [2015-02-15T15:29:06.030854 #15013] DEBUG -- : response chunk
D, [2015-02-15T15:29:06.033008 #15013] DEBUG -- : response chunk
D, [2015-02-15T15:29:06.033192 #15013] DEBUG -- : response chunk
D, [2015-02-15T15:29:06.764525 #15013] DEBUG -- : response chunk
D, [2015-02-15T15:29:06.764738 #15013] DEBUG -- : response chunk
D, [2015-02-15T15:29:07.509548 #15013] DEBUG -- : response chunk
D, [2015-02-15T15:29:07.509749 #15013] DEBUG -- : response chunk
D, [2015-02-15T15:29:36.937752 #15013] DEBUG -- : response chunk
D, [2015-02-15T15:29:36.937958 #15013] DEBUG -- : response chunk
D, [2015-02-15T15:29:37.111179 #15013] DEBUG -- : response chunk
D, [2015-02-15T15:29:37.111373 #15013] DEBUG -- : response chunk
D, [2015-02-15T15:29:37.906019 #15013] DEBUG -- : response chunk
D, [2015-02-15T15:29:37.906261 #15013] DEBUG -- : response chunk
D, [2015-02-15T15:29:38.625521 #15013] DEBUG -- : response chunk
D, [2015-02-15T15:29:38.625685 #15013] DEBUG -- : response chunk
D, [2015-02-15T15:30:07.825756 #15013] DEBUG -- : response chunk
D, [2015-02-15T15:30:07.825943 #15013] DEBUG -- : response chunk
D, [2015-02-15T15:30:08.181703 #15013] DEBUG -- : response chunk
D, [2015-02-15T15:30:08.181862 #15013] DEBUG -- : response chunk
D, [2015-02-15T15:30:08.422467 #15013] DEBUG -- : response chunk
D, [2015-02-15T15:30:08.422760 #15013] DEBUG -- : response chunk
D, [2015-02-15T15:30:08.424640 #15013] DEBUG -- : tweet:
D, [2015-02-15T15:30:09.722344 #15013] DEBUG -- : response chunk
D, [2015-02-15T15:30:09.722554 #15013] DEBUG -- : response chunk
D, [2015-02-15T15:30:10.471294 #15013] DEBUG -- : response chunk
D, [2015-02-15T15:30:10.471523 #15013] DEBUG -- : response chunk
D, [2015-02-15T15:30:10.472753 #15013] DEBUG -- : tweet:
D, [2015-02-15T15:30:39.244775 #15013] DEBUG -- : response chunk
D, [2015-02-15T15:30:39.244955 #15013] DEBUG -- : response chunk
D, [2015-02-15T15:30:40.221468 #15013] DEBUG -- : response chunk
D, [2015-02-15T15:30:40.221691 #15013] DEBUG -- : response chunk
D, [2015-02-15T15:30:40.862924 #15013] DEBUG -- : response chunk
D, [2015-02-15T15:30:40.863252 #15013] DEBUG -- : response chunk
D, [2015-02-15T15:30:41.815189 #15013] DEBUG -- : response chunk
D, [2015-02-15T15:30:41.815379 #15013] DEBUG -- : response chunk
D, [2015-02-15T15:30:47.752797 #15013] DEBUG -- : response chunk
D, [2015-02-15T15:30:47.753008 #15013] DEBUG -- : response chunk
D, [2015-02-15T15:30:47.754224 #15013] DEBUG -- : tweet:
D, [2015-02-15T15:30:58.324202 #15013] DEBUG -- : response chunk
D, [2015-02-15T15:30:58.324453 #15013] DEBUG -- : response chunk
D, [2015-02-15T15:30:58.325985 #15013] DEBUG -- : tweet:
D, [2015-02-15T15:31:10.347872 #15013] DEBUG -- : response chunk
D, [2015-02-15T15:31:10.348083 #15013] DEBUG -- : response chunk
D, [2015-02-15T15:31:11.346607 #15013] DEBUG -- : response chunk
D, [2015-02-15T15:31:11.346796 #15013] DEBUG -- : response chunk
D, [2015-02-15T15:31:11.988548 #15013] DEBUG -- : response chunk
D, [2015-02-15T15:31:11.988767 #15013] DEBUG -- : response chunk
D, [2015-02-15T15:31:20.439877 #15013] DEBUG -- : response chunk
D, [2015-02-15T15:31:20.440072 #15013] DEBUG -- : response chunk
D, [2015-02-15T15:31:20.441002 #15013] DEBUG -- : tweet:
D, [2015-02-15T15:31:20.441202 #15013] DEBUG -- : tweet translate
D, [2015-02-15T15:31:21.804355 #15013] DEBUG -- : 『シン』が消えてから、2年の月日が流れた―――
ぱちおしゃべったんご
D, [2015-02-15T15:31:22.299162 #15013] DEBUG -- : #<Net::HTTPOK 200 OK readbody=true>
D, [2015-02-15T15:31:22.299465 #15013] DEBUG -- : 566847214891175936
D, [2015-02-15T15:31:22.905065 #15013] DEBUG -- : #<Net::HTTPOK 200 OK readbody=true>
D, [2015-02-15T15:31:22.905413 #15013] DEBUG -- : tweet!
D, [2015-02-15T15:31:22.905614 #15013] DEBUG -- : response chunk
D, [2015-02-15T15:31:22.905708 #15013] DEBUG -- : response chunk
D, [2015-02-15T15:31:22.906606 #15013] DEBUG -- : tweet:
D, [2015-02-15T15:31:22.906819 #15013] DEBUG -- : response chunk
D, [2015-02-15T15:31:22.906919 #15013] DEBUG -- : response chunk
D, [2015-02-15T15:31:22.908005 #15013] DEBUG -- : tweet:
D, [2015-02-15T15:31:41.444324 #15013] DEBUG -- : response chunk
D, [2015-02-15T15:31:41.444533 #15013] DEBUG -- : response chunk
D, [2015-02-15T15:31:43.150518 #15013] DEBUG -- : response chunk
D, [2015-02-15T15:31:43.150764 #15013] DEBUG -- : response chunk
D, [2015-02-15T15:31:52.893065 #15013] DEBUG -- : response chunk
D, [2015-02-15T15:31:52.893294 #15013] DEBUG -- : response chunk
D, [2015-02-15T15:31:54.939714 #15013] DEBUG -- : response chunk
D, [2015-02-15T15:31:54.939929 #15013] DEBUG -- : response chunk
D, [2015-02-15T15:32:02.363800 #15013] DEBUG -- : response chunk
D, [2015-02-15T15:32:02.363994 #15013] DEBUG -- : response chunk
D, [2015-02-15T15:32:02.365741 #15013] DEBUG -- : tweet:
D, [2015-02-15T15:32:12.480976 #15013] DEBUG -- : response chunk
D, [2015-02-15T15:32:12.481229 #15013] DEBUG -- : response chunk
D, [2015-02-15T15:32:14.301432 #15013] DEBUG -- : response chunk
D, [2015-02-15T15:32:14.301606 #15013] DEBUG -- : response chunk
D, [2015-02-15T15:32:26.089582 #15013] DEBUG -- : response chunk
D, [2015-02-15T15:32:26.089782 #15013] DEBUG -- : response chunk
D, [2015-02-15T15:32:33.082978 #15013] DEBUG -- : response chunk
D, [2015-02-15T15:32:33.083355 #15013] DEBUG -- : response chunk
D, [2015-02-15T15:32:34.103088 #15013] DEBUG -- : response chunk
D, [2015-02-15T15:32:34.103342 #15013] DEBUG -- : response chunk
D, [2015-02-15T15:32:34.104977 #15013] DEBUG -- : tweet:
D, [2015-02-15T15:32:43.498559 #15013] DEBUG -- : response chunk
D, [2015-02-15T15:32:43.498725 #15013] DEBUG -- : response chunk
D, [2015-02-15T15:32:57.240282 #15013] DEBUG -- : response chunk
D, [2015-02-15T15:32:57.240502 #15013] DEBUG -- : response chunk
D, [2015-02-15T15:33:03.984617 #15013] DEBUG -- : response chunk
D, [2015-02-15T15:33:03.984803 #15013] DEBUG -- : response chunk
D, [2015-02-15T15:33:07.209063 #15013] DEBUG -- : response chunk
D, [2015-02-15T15:33:07.209294 #15013] DEBUG -- : response chunk
D, [2015-02-15T15:33:14.533814 #15013] DEBUG -- : response chunk
D, [2015-02-15T15:33:14.534021 #15013] DEBUG -- : response chunk
D, [2015-02-15T15:33:28.375621 #15013] DEBUG -- : response chunk
D, [2015-02-15T15:33:28.375804 #15013] DEBUG -- : response chunk
D, [2015-02-15T15:33:34.869981 #15013] DEBUG -- : response chunk
D, [2015-02-15T15:33:34.870184 #15013] DEBUG -- : response chunk
D, [2015-02-15T15:33:38.297925 #15013] DEBUG -- : response chunk
D, [2015-02-15T15:33:38.298159 #15013] DEBUG -- : response chunk
D, [2015-02-15T15:33:45.541742 #15013] DEBUG -- : response chunk
D, [2015-02-15T15:33:45.541897 #15013] DEBUG -- : response chunk
D, [2015-02-15T15:33:59.524706 #15013] DEBUG -- : response chunk
D, [2015-02-15T15:33:59.524928 #15013] DEBUG -- : response chunk
D, [2015-02-15T15:34:05.762148 #15013] DEBUG -- : response chunk
D, [2015-02-15T15:34:05.762328 #15013] DEBUG -- : response chunk
D, [2015-02-15T15:34:06.392332 #15013] DEBUG -- : response chunk
D, [2015-02-15T15:34:06.392513 #15013] DEBUG -- : response chunk
D, [2015-02-15T15:34:06.393636 #15013] DEBUG -- : tweet:
D, [2015-02-15T15:34:09.406859 #15013] DEBUG -- : response chunk
D, [2015-02-15T15:34:09.407070 #15013] DEBUG -- : response chunk
D, [2015-02-15T15:34:16.558650 #15013] DEBUG -- : response chunk
D, [2015-02-15T15:34:16.558861 #15013] DEBUG -- : response chunk
D, [2015-02-15T15:34:30.650364 #15013] DEBUG -- : response chunk
D, [2015-02-15T15:34:30.650573 #15013] DEBUG -- : response chunk
D, [2015-02-15T15:34:36.659385 #15013] DEBUG -- : response chunk
D, [2015-02-15T15:34:36.659604 #15013] DEBUG -- : response chunk
D, [2015-02-15T15:34:40.557752 #15013] DEBUG -- : response chunk
D, [2015-02-15T15:34:40.557943 #15013] DEBUG -- : response chunk
D, [2015-02-15T15:34:47.569577 #15013] DEBUG -- : response chunk
D, [2015-02-15T15:34:47.569758 #15013] DEBUG -- : response chunk
D, [2015-02-15T15:35:01.780823 #15013] DEBUG -- : response chunk
D, [2015-02-15T15:35:01.781094 #15013] DEBUG -- : response chunk
D, [2015-02-15T15:35:05.258696 #15013] DEBUG -- : response chunk
D, [2015-02-15T15:35:05.258878 #15013] DEBUG -- : response chunk
D, [2015-02-15T15:35:05.260381 #15013] DEBUG -- : tweet:
D, [2015-02-15T15:35:07.568005 #15013] DEBUG -- : response chunk
D, [2015-02-15T15:35:07.568236 #15013] DEBUG -- : response chunk
D, [2015-02-15T15:35:11.709223 #15013] DEBUG -- : response chunk
D, [2015-02-15T15:35:11.709412 #15013] DEBUG -- : response chunk
D, [2015-02-15T15:35:32.925473 #15013] DEBUG -- : response chunk
D, [2015-02-15T15:35:32.925694 #15013] DEBUG -- : response chunk
D, [2015-02-15T15:35:37.265952 #15013] DEBUG -- : response chunk
D, [2015-02-15T15:35:37.266105 #15013] DEBUG -- : response chunk
D, [2015-02-15T15:35:38.467054 #15013] DEBUG -- : response chunk
D, [2015-02-15T15:35:38.467323 #15013] DEBUG -- : response chunk
D, [2015-02-15T15:35:42.850338 #15013] DEBUG -- : response chunk
D, [2015-02-15T15:35:42.850526 #15013] DEBUG -- : response chunk
D, [2015-02-15T15:36:04.069352 #15013] DEBUG -- : response chunk
D, [2015-02-15T15:36:04.069546 #15013] DEBUG -- : response chunk
D, [2015-02-15T15:36:06.678398 #15013] DEBUG -- : response chunk
D, [2015-02-15T15:36:06.678666 #15013] DEBUG -- : response chunk
D, [2015-02-15T15:36:06.680947 #15013] DEBUG -- : tweet:
D, [2015-02-15T15:36:09.371667 #15013] DEBUG -- : response chunk
D, [2015-02-15T15:36:09.371874 #15013] DEBUG -- : response chunk
D, [2015-02-15T15:36:11.124372 #15013] DEBUG -- : response chunk
D, [2015-02-15T15:36:11.124576 #15013] DEBUG -- : response chunk
D, [2015-02-15T15:36:11.125669 #15013] DEBUG -- : tweet:
D, [2015-02-15T15:36:13.989210 #15013] DEBUG -- : response chunk
D, [2015-02-15T15:36:13.989405 #15013] DEBUG -- : response chunk
D, [2015-02-15T15:36:35.174380 #15013] DEBUG -- : response chunk
D, [2015-02-15T15:36:35.174571 #15013] DEBUG -- : response chunk
D, [2015-02-15T15:36:40.277971 #15013] DEBUG -- : response chunk
D, [2015-02-15T15:36:40.278964 #15013] DEBUG -- : response chunk
D, [2015-02-15T15:36:42.453083 #15013] DEBUG -- : response chunk
D, [2015-02-15T15:36:42.453301 #15013] DEBUG -- : response chunk
D, [2015-02-15T15:36:45.137779 #15013] DEBUG -- : response chunk
D, [2015-02-15T15:36:45.137960 #15013] DEBUG -- : response chunk
D, [2015-02-15T15:37:06.294311 #15013] DEBUG -- : response chunk
D, [2015-02-15T15:37:06.294512 #15013] DEBUG -- : response chunk
D, [2015-02-15T15:37:11.182810 #15013] DEBUG -- : response chunk
D, [2015-02-15T15:37:11.182996 #15013] DEBUG -- : response chunk
D, [2015-02-15T15:37:13.508332 #15013] DEBUG -- : response chunk
D, [2015-02-15T15:37:13.508523 #15013] DEBUG -- : response chunk
D, [2015-02-15T15:37:16.265961 #15013] DEBUG -- : response chunk
D, [2015-02-15T15:37:16.266163 #15013] DEBUG -- : response chunk
D, [2015-02-15T15:37:37.413462 #15013] DEBUG -- : response chunk
D, [2015-02-15T15:37:37.413681 #15013] DEBUG -- : response chunk
D, [2015-02-15T15:37:42.089574 #15013] DEBUG -- : response chunk
D, [2015-02-15T15:37:42.089848 #15013] DEBUG -- : response chunk
D, [2015-02-15T15:37:44.542157 #15013] DEBUG -- : response chunk
D, [2015-02-15T15:37:44.542329 #15013] DEBUG -- : response chunk
D, [2015-02-15T15:37:47.352341 #15013] DEBUG -- : response chunk
D, [2015-02-15T15:37:47.352586 #15013] DEBUG -- : response chunk
D, [2015-02-15T15:38:08.576936 #15013] DEBUG -- : response chunk
D, [2015-02-15T15:38:08.577167 #15013] DEBUG -- : response chunk
D, [2015-02-15T15:38:12.975681 #15013] DEBUG -- : response chunk
D, [2015-02-15T15:38:12.975869 #15013] DEBUG -- : response chunk
D, [2015-02-15T15:38:15.582455 #15013] DEBUG -- : response chunk
D, [2015-02-15T15:38:15.582632 #15013] DEBUG -- : response chunk
D, [2015-02-15T15:38:18.458349 #15013] DEBUG -- : response chunk
D, [2015-02-15T15:38:18.458555 #15013] DEBUG -- : response chunk
D, [2015-02-15T15:38:39.706827 #15013] DEBUG -- : response chunk
D, [2015-02-15T15:38:39.707187 #15013] DEBUG -- : response chunk
D, [2015-02-15T15:38:43.853063 #15013] DEBUG -- : response chunk
D, [2015-02-15T15:38:43.853272 #15013] DEBUG -- : response chunk
D, [2015-02-15T15:38:46.633027 #15013] DEBUG -- : response chunk
D, [2015-02-15T15:38:46.633217 #15013] DEBUG -- : response chunk
D, [2015-02-15T15:38:49.575189 #15013] DEBUG -- : response chunk
D, [2015-02-15T15:38:49.575394 #15013] DEBUG -- : response chunk
D, [2015-02-15T15:39:02.311581 #15013] DEBUG -- : response chunk
D, [2015-02-15T15:39:02.311828 #15013] DEBUG -- : response chunk
D, [2015-02-15T15:39:02.313294 #15013] DEBUG -- : tweet:
D, [2015-02-15T15:39:10.887937 #15013] DEBUG -- : response chunk
D, [2015-02-15T15:39:10.888227 #15013] DEBUG -- : response chunk
D, [2015-02-15T15:39:14.757361 #15013] DEBUG -- : response chunk
D, [2015-02-15T15:39:14.757582 #15013] DEBUG -- : response chunk
D, [2015-02-15T15:39:20.664466 #15013] DEBUG -- : response chunk
D, [2015-02-15T15:39:20.664625 #15013] DEBUG -- : response chunk
D, [2015-02-15T15:39:33.199382 #15013] DEBUG -- : response chunk
D, [2015-02-15T15:39:33.199584 #15013] DEBUG -- : response chunk
D, [2015-02-15T15:39:42.047538 #15013] DEBUG -- : response chunk
D, [2015-02-15T15:39:42.047725 #15013] DEBUG -- : response chunk
D, [2015-02-15T15:39:45.648109 #15013] DEBUG -- : response chunk
D, [2015-02-15T15:39:45.648391 #15013] DEBUG -- : response chunk
D, [2015-02-15T15:39:51.800596 #15013] DEBUG -- : response chunk
D, [2015-02-15T15:39:51.800831 #15013] DEBUG -- : response chunk
D, [2015-02-15T15:40:02.555869 #15013] DEBUG -- : response chunk
D, [2015-02-15T15:40:02.556089 #15013] DEBUG -- : response chunk
D, [2015-02-15T15:40:02.557427 #15013] DEBUG -- : tweet:
D, [2015-02-15T15:40:04.280944 #15013] DEBUG -- : response chunk
D, [2015-02-15T15:40:04.281163 #15013] DEBUG -- : response chunk
D, [2015-02-15T15:40:13.183208 #15013] DEBUG -- : response chunk
D, [2015-02-15T15:40:13.183439 #15013] DEBUG -- : response chunk
D, [2015-02-15T15:40:16.548473 #15013] DEBUG -- : response chunk
D, [2015-02-15T15:40:16.548646 #15013] DEBUG -- : response chunk
D, [2015-02-15T15:40:35.369930 #15013] DEBUG -- : response chunk
D, [2015-02-15T15:40:35.370229 #15013] DEBUG -- : response chunk
D, [2015-02-15T15:40:35.370443 #15013] DEBUG -- : response chunk
D, [2015-02-15T15:40:35.370526 #15013] DEBUG -- : response chunk
D, [2015-02-15T15:40:44.322289 #15013] DEBUG -- : response chunk
D, [2015-02-15T15:40:44.322527 #15013] DEBUG -- : response chunk
D, [2015-02-15T15:40:47.454960 #15013] DEBUG -- : response chunk
D, [2015-02-15T15:40:47.455227 #15013] DEBUG -- : response chunk
D, [2015-02-15T15:41:06.463025 #15013] DEBUG -- : response chunk
D, [2015-02-15T15:41:06.463300 #15013] DEBUG -- : response chunk
D, [2015-02-15T15:41:06.523004 #15013] DEBUG -- : response chunk
D, [2015-02-15T15:41:06.523240 #15013] DEBUG -- : response chunk
D, [2015-02-15T15:41:15.461077 #15013] DEBUG -- : response chunk
D, [2015-02-15T15:41:15.461312 #15013] DEBUG -- : response chunk
D, [2015-02-15T15:41:18.353292 #15013] DEBUG -- : response chunk
D, [2015-02-15T15:41:18.353474 #15013] DEBUG -- : response chunk
D, [2015-02-15T15:41:37.536726 #15013] DEBUG -- : response chunk
D, [2015-02-15T15:41:37.536915 #15013] DEBUG -- : response chunk
D, [2015-02-15T15:41:37.664765 #15013] DEBUG -- : response chunk
D, [2015-02-15T15:41:37.664931 #15013] DEBUG -- : response chunk
D, [2015-02-15T15:41:46.618231 #15013] DEBUG -- : response chunk
D, [2015-02-15T15:41:46.618494 #15013] DEBUG -- : response chunk
D, [2015-02-15T15:41:49.265000 #15013] DEBUG -- : response chunk
D, [2015-02-15T15:41:49.265435 #15013] DEBUG -- : response chunk
D, [2015-02-15T15:42:08.732907 #15013] DEBUG -- : response chunk
D, [2015-02-15T15:42:08.733107 #15013] DEBUG -- : response chunk
D, [2015-02-15T15:42:08.803406 #15013] DEBUG -- : response chunk
D, [2015-02-15T15:42:08.803618 #15013] DEBUG -- : response chunk
D, [2015-02-15T15:42:17.740936 #15013] DEBUG -- : response chunk
D, [2015-02-15T15:42:17.741159 #15013] DEBUG -- : response chunk
D, [2015-02-15T15:42:20.138312 #15013] DEBUG -- : response chunk
D, [2015-02-15T15:42:20.138517 #15013] DEBUG -- : response chunk
D, [2015-02-15T15:42:28.536689 #15013] DEBUG -- : response chunk
D, [2015-02-15T15:42:28.536946 #15013] DEBUG -- : response chunk
D, [2015-02-15T15:42:28.538638 #15013] DEBUG -- : tweet:
D, [2015-02-15T15:42:32.571378 #15013] DEBUG -- : response chunk
D, [2015-02-15T15:42:32.571597 #15013] DEBUG -- : response chunk
D, [2015-02-15T15:42:32.573078 #15013] DEBUG -- : tweet:
D, [2015-02-15T15:42:39.789112 #15013] DEBUG -- : response chunk
D, [2015-02-15T15:42:39.789297 #15013] DEBUG -- : response chunk
D, [2015-02-15T15:42:48.867110 #15013] DEBUG -- : response chunk
D, [2015-02-15T15:42:48.867357 #15013] DEBUG -- : response chunk
D, [2015-02-15T15:42:58.821987 #15013] DEBUG -- : response chunk
D, [2015-02-15T15:42:58.822210 #15013] DEBUG -- : response chunk
D, [2015-02-15T15:43:03.391211 #15013] DEBUG -- : response chunk
D, [2015-02-15T15:43:03.391464 #15013] DEBUG -- : response chunk
D, [2015-02-15T15:43:10.832723 #15013] DEBUG -- : response chunk
D, [2015-02-15T15:43:10.832965 #15013] DEBUG -- : response chunk
D, [2015-02-15T15:43:19.998728 #15013] DEBUG -- : response chunk
D, [2015-02-15T15:43:19.998947 #15013] DEBUG -- : response chunk
D, [2015-02-15T15:43:29.905432 #15013] DEBUG -- : response chunk
D, [2015-02-15T15:43:29.905688 #15013] DEBUG -- : response chunk
D, [2015-02-15T15:43:34.286669 #15013] DEBUG -- : response chunk
D, [2015-02-15T15:43:34.286867 #15013] DEBUG -- : response chunk
D, [2015-02-15T15:43:41.846457 #15013] DEBUG -- : response chunk
D, [2015-02-15T15:43:41.846648 #15013] DEBUG -- : response chunk
D, [2015-02-15T15:43:51.111151 #15013] DEBUG -- : response chunk
D, [2015-02-15T15:43:51.111346 #15013] DEBUG -- : response chunk
D, [2015-02-15T15:44:00.981490 #15013] DEBUG -- : response chunk
D, [2015-02-15T15:44:00.981685 #15013] DEBUG -- : response chunk
D, [2015-02-15T15:44:05.187600 #15013] DEBUG -- : response chunk
D, [2015-02-15T15:44:05.187774 #15013] DEBUG -- : response chunk
D, [2015-02-15T15:44:12.892738 #15013] DEBUG -- : response chunk
D, [2015-02-15T15:44:12.892948 #15013] DEBUG -- : response chunk
D, [2015-02-15T15:44:22.368935 #15013] DEBUG -- : response chunk
D, [2015-02-15T15:44:22.369177 #15013] DEBUG -- : response chunk
D, [2015-02-15T15:44:32.103178 #15013] DEBUG -- : response chunk
D, [2015-02-15T15:44:32.103399 #15013] DEBUG -- : response chunk
D, [2015-02-15T15:44:36.086213 #15013] DEBUG -- : response chunk
D, [2015-02-15T15:44:36.086405 #15013] DEBUG -- : response chunk
D, [2015-02-15T15:44:43.920853 #15013] DEBUG -- : response chunk
D, [2015-02-15T15:44:43.921017 #15013] DEBUG -- : response chunk
D, [2015-02-15T15:44:53.483258 #15013] DEBUG -- : response chunk
D, [2015-02-15T15:44:53.483448 #15013] DEBUG -- : response chunk
D, [2015-02-15T15:45:03.224978 #15013] DEBUG -- : response chunk
D, [2015-02-15T15:45:03.225204 #15013] DEBUG -- : response chunk
D, [2015-02-15T15:45:06.999797 #15013] DEBUG -- : response chunk
D, [2015-02-15T15:45:06.999969 #15013] DEBUG -- : response chunk
D, [2015-02-15T15:45:14.927794 #15013] DEBUG -- : response chunk
D, [2015-02-15T15:45:14.927973 #15013] DEBUG -- : response chunk
D, [2015-02-15T15:45:24.615598 #15013] DEBUG -- : response chunk
D, [2015-02-15T15:45:24.615756 #15013] DEBUG -- : response chunk
D, [2015-02-15T15:45:34.409607 #15013] DEBUG -- : response chunk
D, [2015-02-15T15:45:34.409836 #15013] DEBUG -- : response chunk
D, [2015-02-15T15:45:37.902322 #15013] DEBUG -- : response chunk
D, [2015-02-15T15:45:37.902534 #15013] DEBUG -- : response chunk
D, [2015-02-15T15:45:45.917024 #15013] DEBUG -- : response chunk
D, [2015-02-15T15:45:45.917260 #15013] DEBUG -- : response chunk
D, [2015-02-15T15:45:55.730684 #15013] DEBUG -- : response chunk
D, [2015-02-15T15:45:55.731158 #15013] DEBUG -- : response chunk
D, [2015-02-15T15:46:05.570945 #15013] DEBUG -- : response chunk
D, [2015-02-15T15:46:05.571222 #15013] DEBUG -- : response chunk
D, [2015-02-15T15:46:08.799171 #15013] DEBUG -- : response chunk
D, [2015-02-15T15:46:08.799384 #15013] DEBUG -- : response chunk
D, [2015-02-15T15:46:16.941903 #15013] DEBUG -- : response chunk
D, [2015-02-15T15:46:16.943219 #15013] DEBUG -- : response chunk
D, [2015-02-15T15:46:26.882502 #15013] DEBUG -- : response chunk
D, [2015-02-15T15:46:26.882679 #15013] DEBUG -- : response chunk
D, [2015-02-15T15:46:36.727073 #15013] DEBUG -- : response chunk
D, [2015-02-15T15:46:36.727255 #15013] DEBUG -- : response chunk
D, [2015-02-15T15:46:39.680771 #15013] DEBUG -- : response chunk
D, [2015-02-15T15:46:39.681011 #15013] DEBUG -- : response chunk
D, [2015-02-15T15:46:47.979924 #15013] DEBUG -- : response chunk
D, [2015-02-15T15:46:47.980167 #15013] DEBUG -- : response chunk
D, [2015-02-15T15:46:58.016999 #15013] DEBUG -- : response chunk
D, [2015-02-15T15:46:58.017200 #15013] DEBUG -- : response chunk
D, [2015-02-15T15:47:07.895012 #15013] DEBUG -- : response chunk
D, [2015-02-15T15:47:07.895293 #15013] DEBUG -- : response chunk
D, [2015-02-15T15:47:10.575546 #15013] DEBUG -- : response chunk
D, [2015-02-15T15:47:10.575738 #15013] DEBUG -- : response chunk
D, [2015-02-15T15:47:19.029279 #15013] DEBUG -- : response chunk
D, [2015-02-15T15:47:19.029459 #15013] DEBUG -- : response chunk
D, [2015-02-15T15:47:29.152282 #15013] DEBUG -- : response chunk
D, [2015-02-15T15:47:29.152499 #15013] DEBUG -- : response chunk
D, [2015-02-15T15:47:39.062022 #15013] DEBUG -- : response chunk
D, [2015-02-15T15:47:39.062251 #15013] DEBUG -- : response chunk
D, [2015-02-15T15:47:41.477285 #15013] DEBUG -- : response chunk
D, [2015-02-15T15:47:41.477482 #15013] DEBUG -- : response chunk
D, [2015-02-15T15:47:50.094779 #15013] DEBUG -- : response chunk
D, [2015-02-15T15:47:50.095274 #15013] DEBUG -- : response chunk
D, [2015-02-15T15:48:00.283738 #15013] DEBUG -- : response chunk
D, [2015-02-15T15:48:00.283940 #15013] DEBUG -- : response chunk
D, [2015-02-15T15:48:02.650495 #15013] DEBUG -- : response chunk
D, [2015-02-15T15:48:02.650674 #15013] DEBUG -- : response chunk
D, [2015-02-15T15:48:02.652062 #15013] DEBUG -- : tweet:
D, [2015-02-15T15:48:10.154878 #15013] DEBUG -- : response chunk
D, [2015-02-15T15:48:10.155215 #15013] DEBUG -- : response chunk
D, [2015-02-15T15:48:12.361745 #15013] DEBUG -- : response chunk
D, [2015-02-15T15:48:12.361982 #15013] DEBUG -- : response chunk
D, [2015-02-15T15:48:31.428188 #15013] DEBUG -- : response chunk
D, [2015-02-15T15:48:31.428381 #15013] DEBUG -- : response chunk
D, [2015-02-15T15:48:33.486588 #15013] DEBUG -- : response chunk
D, [2015-02-15T15:48:33.486965 #15013] DEBUG -- : response chunk
D, [2015-02-15T15:48:41.256261 #15013] DEBUG -- : response chunk
D, [2015-02-15T15:48:41.256461 #15013] DEBUG -- : response chunk
D, [2015-02-15T15:48:43.242731 #15013] DEBUG -- : response chunk
D, [2015-02-15T15:48:43.242975 #15013] DEBUG -- : response chunk
D, [2015-02-15T15:49:02.558749 #15013] DEBUG -- : response chunk
D, [2015-02-15T15:49:02.558943 #15013] DEBUG -- : response chunk
D, [2015-02-15T15:49:04.564959 #15013] DEBUG -- : response chunk
D, [2015-02-15T15:49:04.565182 #15013] DEBUG -- : response chunk
D, [2015-02-15T15:49:12.356803 #15013] DEBUG -- : response chunk
D, [2015-02-15T15:49:12.356963 #15013] DEBUG -- : response chunk
D, [2015-02-15T15:49:14.136441 #15013] DEBUG -- : response chunk
D, [2015-02-15T15:49:14.136617 #15013] DEBUG -- : response chunk
D, [2015-02-15T15:49:33.707748 #15013] DEBUG -- : response chunk
D, [2015-02-15T15:49:33.707925 #15013] DEBUG -- : response chunk
D, [2015-02-15T15:49:35.599350 #15013] DEBUG -- : response chunk
D, [2015-02-15T15:49:35.599514 #15013] DEBUG -- : response chunk
D, [2015-02-15T15:49:43.504159 #15013] DEBUG -- : response chunk
D, [2015-02-15T15:49:43.504589 #15013] DEBUG -- : response chunk
D, [2015-02-15T15:49:45.047377 #15013] DEBUG -- : response chunk
D, [2015-02-15T15:49:45.047566 #15013] DEBUG -- : response chunk
D, [2015-02-15T15:50:04.843283 #15013] DEBUG -- : response chunk
D, [2015-02-15T15:50:04.843498 #15013] DEBUG -- : response chunk
D, [2015-02-15T15:50:06.657801 #15013] DEBUG -- : response chunk
D, [2015-02-15T15:50:06.657979 #15013] DEBUG -- : response chunk
D, [2015-02-15T15:50:14.652051 #15013] DEBUG -- : response chunk
D, [2015-02-15T15:50:14.652279 #15013] DEBUG -- : response chunk
D, [2015-02-15T15:50:15.924822 #15013] DEBUG -- : response chunk
D, [2015-02-15T15:50:15.925027 #15013] DEBUG -- : response chunk
D, [2015-02-15T15:50:35.975632 #15013] DEBUG -- : response chunk
D, [2015-02-15T15:50:35.975839 #15013] DEBUG -- : response chunk
D, [2015-02-15T15:50:37.736361 #15013] DEBUG -- : response chunk
D, [2015-02-15T15:50:37.736553 #15013] DEBUG -- : response chunk
D, [2015-02-15T15:50:45.927161 #15013] DEBUG -- : response chunk
D, [2015-02-15T15:50:45.927384 #15013] DEBUG -- : response chunk
D, [2015-02-15T15:50:46.838414 #15013] DEBUG -- : response chunk
D, [2015-02-15T15:50:46.838796 #15013] DEBUG -- : response chunk
D, [2015-02-15T15:51:02.630011 #15013] DEBUG -- : response chunk
D, [2015-02-15T15:51:02.630255 #15013] DEBUG -- : response chunk
D, [2015-02-15T15:51:02.632020 #15013] DEBUG -- : tweet:
D, [2015-02-15T15:51:07.122882 #15013] DEBUG -- : response chunk
D, [2015-02-15T15:51:07.123083 #15013] DEBUG -- : response chunk
D, [2015-02-15T15:51:17.074336 #15013] DEBUG -- : response chunk
D, [2015-02-15T15:51:17.074565 #15013] DEBUG -- : response chunk
D, [2015-02-15T15:51:17.736428 #15013] DEBUG -- : response chunk
D, [2015-02-15T15:51:17.736580 #15013] DEBUG -- : response chunk
D, [2015-02-15T15:51:33.573058 #15013] DEBUG -- : response chunk
D, [2015-02-15T15:51:33.573293 #15013] DEBUG -- : response chunk
D, [2015-02-15T15:51:38.251956 #15013] DEBUG -- : response chunk
D, [2015-02-15T15:51:38.252197 #15013] DEBUG -- : response chunk
D, [2015-02-15T15:51:48.233428 #15013] DEBUG -- : response chunk
D, [2015-02-15T15:51:48.233686 #15013] DEBUG -- : response chunk
D, [2015-02-15T15:51:48.658926 #15013] DEBUG -- : response chunk
D, [2015-02-15T15:51:48.659163 #15013] DEBUG -- : response chunk
D, [2015-02-15T15:52:04.578579 #15013] DEBUG -- : response chunk
D, [2015-02-15T15:52:04.578788 #15013] DEBUG -- : response chunk
D, [2015-02-15T15:52:04.761809 #15013] DEBUG -- : response chunk
D, [2015-02-15T15:52:04.761991 #15013] DEBUG -- : response chunk
D, [2015-02-15T15:52:04.763115 #15013] DEBUG -- : tweet:
D, [2015-02-15T15:52:05.689044 #15013] DEBUG -- : response chunk
D, [2015-02-15T15:52:05.689263 #15013] DEBUG -- : response chunk
D, [2015-02-15T15:52:05.690353 #15013] DEBUG -- : tweet:
D, [2015-02-15T15:52:09.365546 #15013] DEBUG -- : response chunk
D, [2015-02-15T15:52:09.365725 #15013] DEBUG -- : response chunk
D, [2015-02-15T15:52:19.383634 #15013] DEBUG -- : response chunk
D, [2015-02-15T15:52:19.383815 #15013] DEBUG -- : response chunk
D, [2015-02-15T15:52:35.613353 #15013] DEBUG -- : response chunk
D, [2015-02-15T15:52:35.613513 #15013] DEBUG -- : response chunk
D, [2015-02-15T15:52:38.114317 #15013] DEBUG -- : response chunk
D, [2015-02-15T15:52:38.114542 #15013] DEBUG -- : response chunk
D, [2015-02-15T15:52:40.484554 #15013] DEBUG -- : response chunk
D, [2015-02-15T15:52:40.486239 #15013] DEBUG -- : response chunk
D, [2015-02-15T15:52:50.563173 #15013] DEBUG -- : response chunk
D, [2015-02-15T15:52:50.563370 #15013] DEBUG -- : response chunk
D, [2015-02-15T15:53:06.603030 #15013] DEBUG -- : response chunk
D, [2015-02-15T15:53:06.603267 #15013] DEBUG -- : response chunk
D, [2015-02-15T15:53:09.015407 #15013] DEBUG -- : response chunk
D, [2015-02-15T15:53:09.015571 #15013] DEBUG -- : response chunk
D, [2015-02-15T15:53:11.622960 #15013] DEBUG -- : response chunk
D, [2015-02-15T15:53:11.623230 #15013] DEBUG -- : response chunk
D, [2015-02-15T15:53:21.686662 #15013] DEBUG -- : response chunk
D, [2015-02-15T15:53:21.686844 #15013] DEBUG -- : response chunk
D, [2015-02-15T15:53:37.640688 #15013] DEBUG -- : response chunk
D, [2015-02-15T15:53:37.640876 #15013] DEBUG -- : response chunk
D, [2015-02-15T15:53:39.914316 #15013] DEBUG -- : response chunk
D, [2015-02-15T15:53:39.914806 #15013] DEBUG -- : response chunk
D, [2015-02-15T15:53:42.758320 #15013] DEBUG -- : response chunk
D, [2015-02-15T15:53:42.758507 #15013] DEBUG -- : response chunk
D, [2015-02-15T15:53:52.827823 #15013] DEBUG -- : response chunk
D, [2015-02-15T15:53:52.828009 #15013] DEBUG -- : response chunk
D, [2015-02-15T15:54:08.672338 #15013] DEBUG -- : response chunk
D, [2015-02-15T15:54:08.672527 #15013] DEBUG -- : response chunk
D, [2015-02-15T15:54:10.794799 #15013] DEBUG -- : response chunk
D, [2015-02-15T15:54:10.794960 #15013] DEBUG -- : response chunk
D, [2015-02-15T15:54:13.899089 #15013] DEBUG -- : response chunk
D, [2015-02-15T15:54:13.899332 #15013] DEBUG -- : response chunk
D, [2015-02-15T15:54:24.009311 #15013] DEBUG -- : response chunk
D, [2015-02-15T15:54:24.009518 #15013] DEBUG -- : response chunk
D, [2015-02-15T15:54:39.755020 #15013] DEBUG -- : response chunk
D, [2015-02-15T15:54:39.755264 #15013] DEBUG -- : response chunk
D, [2015-02-15T15:54:41.701418 #15013] DEBUG -- : response chunk
D, [2015-02-15T15:54:41.701585 #15013] DEBUG -- : response chunk
D, [2015-02-15T15:54:45.267701 #15013] DEBUG -- : response chunk
D, [2015-02-15T15:54:45.267870 #15013] DEBUG -- : response chunk
D, [2015-02-15T15:54:55.122559 #15013] DEBUG -- : response chunk
D, [2015-02-15T15:54:55.122724 #15013] DEBUG -- : response chunk
D, [2015-02-15T15:55:10.805458 #15013] DEBUG -- : response chunk
D, [2015-02-15T15:55:10.805656 #15013] DEBUG -- : response chunk
D, [2015-02-15T15:55:12.610777 #15013] DEBUG -- : response chunk
D, [2015-02-15T15:55:12.610998 #15013] DEBUG -- : response chunk
D, [2015-02-15T15:55:14.587793 #15013] DEBUG -- : response chunk
D, [2015-02-15T15:55:14.588003 #15013] DEBUG -- : response chunk
D, [2015-02-15T15:55:14.589511 #15013] DEBUG -- : tweet:
D, [2015-02-15T15:55:16.424938 #15013] DEBUG -- : response chunk
D, [2015-02-15T15:55:16.425171 #15013] DEBUG -- : response chunk
D, [2015-02-15T15:55:26.288508 #15013] DEBUG -- : response chunk
D, [2015-02-15T15:55:26.288699 #15013] DEBUG -- : response chunk
D, [2015-02-15T15:55:43.495960 #15013] DEBUG -- : response chunk
D, [2015-02-15T15:55:43.496188 #15013] DEBUG -- : response chunk
D, [2015-02-15T15:55:44.908706 #15013] DEBUG -- : response chunk
D, [2015-02-15T15:55:44.908888 #15013] DEBUG -- : response chunk
D, [2015-02-15T15:55:47.535669 #15013] DEBUG -- : response chunk
D, [2015-02-15T15:55:47.535863 #15013] DEBUG -- : response chunk
D, [2015-02-15T15:55:57.426219 #15013] DEBUG -- : response chunk
D, [2015-02-15T15:55:57.426405 #15013] DEBUG -- : response chunk
D, [2015-02-15T15:56:02.910514 #15013] DEBUG -- : response chunk
D, [2015-02-15T15:56:02.910724 #15013] DEBUG -- : response chunk
D, [2015-02-15T15:56:02.912796 #15013] DEBUG -- : tweet:
D, [2015-02-15T15:56:14.391011 #15013] DEBUG -- : response chunk
D, [2015-02-15T15:56:14.391258 #15013] DEBUG -- : response chunk
D, [2015-02-15T15:56:18.664456 #15013] DEBUG -- : response chunk
D, [2015-02-15T15:56:18.664638 #15013] DEBUG -- : response chunk
D, [2015-02-15T15:56:28.576581 #15013] DEBUG -- : response chunk
D, [2015-02-15T15:56:28.576847 #15013] DEBUG -- : response chunk
D, [2015-02-15T15:56:34.492786 #15013] DEBUG -- : response chunk
D, [2015-02-15T15:56:34.492983 #15013] DEBUG -- : response chunk
D, [2015-02-15T15:56:45.311588 #15013] DEBUG -- : response chunk
D, [2015-02-15T15:56:45.311799 #15013] DEBUG -- : response chunk
D, [2015-02-15T15:56:49.796181 #15013] DEBUG -- : response chunk
D, [2015-02-15T15:56:49.796373 #15013] DEBUG -- : response chunk
D, [2015-02-15T15:56:59.739313 #15013] DEBUG -- : response chunk
D, [2015-02-15T15:56:59.739497 #15013] DEBUG -- : response chunk
D, [2015-02-15T15:57:05.500042 #15013] DEBUG -- : response chunk
D, [2015-02-15T15:57:05.500306 #15013] DEBUG -- : response chunk
D, [2015-02-15T15:57:16.220937 #15013] DEBUG -- : response chunk
D, [2015-02-15T15:57:16.221166 #15013] DEBUG -- : response chunk
D, [2015-02-15T15:57:20.955000 #15013] DEBUG -- : response chunk
D, [2015-02-15T15:57:20.955269 #15013] DEBUG -- : response chunk
D, [2015-02-15T15:57:30.911250 #15013] DEBUG -- : response chunk
D, [2015-02-15T15:57:30.911538 #15013] DEBUG -- : response chunk
D, [2015-02-15T15:57:36.556578 #15013] DEBUG -- : response chunk
D, [2015-02-15T15:57:36.556763 #15013] DEBUG -- : response chunk
D, [2015-02-15T15:57:47.120396 #15013] DEBUG -- : response chunk
D, [2015-02-15T15:57:47.120614 #15013] DEBUG -- : response chunk
D, [2015-02-15T15:57:52.116818 #15013] DEBUG -- : response chunk
D, [2015-02-15T15:57:52.116966 #15013] DEBUG -- : response chunk
D, [2015-02-15T15:58:02.071333 #15013] DEBUG -- : response chunk
D, [2015-02-15T15:58:02.071502 #15013] DEBUG -- : response chunk
D, [2015-02-15T15:58:02.948635 #15013] DEBUG -- : response chunk
D, [2015-02-15T15:58:02.948870 #15013] DEBUG -- : response chunk
D, [2015-02-15T15:58:02.950038 #15013] DEBUG -- : tweet:
D, [2015-02-15T15:58:07.591374 #15013] DEBUG -- : response chunk
D, [2015-02-15T15:58:07.591565 #15013] DEBUG -- : response chunk
D, [2015-02-15T15:58:08.657224 #15013] DEBUG -- : response chunk
D, [2015-02-15T15:58:08.657461 #15013] DEBUG -- : response chunk
D, [2015-02-15T15:58:08.659206 #15013] DEBUG -- : tweet:
D, [2015-02-15T15:58:17.993016 #15013] DEBUG -- : response chunk
D, [2015-02-15T15:58:17.993233 #15013] DEBUG -- : response chunk
D, [2015-02-15T15:58:33.226703 #15013] DEBUG -- : response chunk
D, [2015-02-15T15:58:33.226897 #15013] DEBUG -- : response chunk
D, [2015-02-15T15:58:35.723963 #15013] DEBUG -- : response chunk
D, [2015-02-15T15:58:35.724160 #15013] DEBUG -- : response chunk
D, [2015-02-15T15:58:41.738733 #15013] DEBUG -- : response chunk
D, [2015-02-15T15:58:41.738955 #15013] DEBUG -- : response chunk
D, [2015-02-15T15:58:48.857092 #15013] DEBUG -- : response chunk
D, [2015-02-15T15:58:48.857295 #15013] DEBUG -- : response chunk
D, [2015-02-15T15:59:04.356670 #15013] DEBUG -- : response chunk
D, [2015-02-15T15:59:04.356883 #15013] DEBUG -- : response chunk
D, [2015-02-15T15:59:06.861672 #15013] DEBUG -- : response chunk
D, [2015-02-15T15:59:06.861841 #15013] DEBUG -- : response chunk
D, [2015-02-15T15:59:12.758549 #15013] DEBUG -- : response chunk
D, [2015-02-15T15:59:12.758765 #15013] DEBUG -- : response chunk
D, [2015-02-15T15:59:19.774374 #15013] DEBUG -- : response chunk
D, [2015-02-15T15:59:19.774526 #15013] DEBUG -- : response chunk
D, [2015-02-15T15:59:35.491909 #15013] DEBUG -- : response chunk
D, [2015-02-15T15:59:35.492089 #15013] DEBUG -- : response chunk
D, [2015-02-15T15:59:38.015230 #15013] DEBUG -- : response chunk
D, [2015-02-15T15:59:38.015387 #15013] DEBUG -- : response chunk
D, [2015-02-15T15:59:43.787198 #15013] DEBUG -- : response chunk
D, [2015-02-15T15:59:43.787358 #15013] DEBUG -- : response chunk
D, [2015-02-15T15:59:50.679091 #15013] DEBUG -- : response chunk
D, [2015-02-15T15:59:50.679351 #15013] DEBUG -- : response chunk
D, [2015-02-15T16:00:02.736254 #15013] DEBUG -- : response chunk
D, [2015-02-15T16:00:02.736554 #15013] DEBUG -- : response chunk
D, [2015-02-15T16:00:02.738175 #15013] DEBUG -- : tweet:
D, [2015-02-15T16:00:02.869298 #15013] DEBUG -- : response chunk
D, [2015-02-15T16:00:02.869504 #15013] DEBUG -- : response chunk
D, [2015-02-15T16:00:02.870727 #15013] DEBUG -- : tweet:
D, [2015-02-15T16:00:04.099367 #15013] DEBUG -- : response chunk
D, [2015-02-15T16:00:04.099541 #15013] DEBUG -- : response chunk
D, [2015-02-15T16:00:04.100606 #15013] DEBUG -- : tweet:
D, [2015-02-15T16:00:08.974614 #15013] DEBUG -- : response chunk
D, [2015-02-15T16:00:08.974790 #15013] DEBUG -- : response chunk
D, [2015-02-15T16:00:08.976057 #15013] DEBUG -- : tweet:
D, [2015-02-15T16:00:09.147497 #15013] DEBUG -- : response chunk
D, [2015-02-15T16:00:09.147649 #15013] DEBUG -- : response chunk
D, [2015-02-15T16:00:13.213435 #15013] DEBUG -- : response chunk
D, [2015-02-15T16:00:13.213853 #15013] DEBUG -- : response chunk
D, [2015-02-15T16:00:13.215525 #15013] DEBUG -- : tweet:
D, [2015-02-15T16:00:33.938460 #15013] DEBUG -- : response chunk
D, [2015-02-15T16:00:33.938645 #15013] DEBUG -- : response chunk
D, [2015-02-15T16:00:34.712350 #15013] DEBUG -- : response chunk
D, [2015-02-15T16:00:34.712518 #15013] DEBUG -- : response chunk
D, [2015-02-15T16:00:40.297998 #15013] DEBUG -- : response chunk
D, [2015-02-15T16:00:40.298266 #15013] DEBUG -- : response chunk
D, [2015-02-15T16:00:45.831959 #15013] DEBUG -- : response chunk
D, [2015-02-15T16:00:45.832168 #15013] DEBUG -- : response chunk
D, [2015-02-15T16:01:04.831455 #15013] DEBUG -- : response chunk
D, [2015-02-15T16:01:04.831649 #15013] DEBUG -- : response chunk
D, [2015-02-15T16:01:05.856430 #15013] DEBUG -- : response chunk
D, [2015-02-15T16:01:05.856587 #15013] DEBUG -- : response chunk
D, [2015-02-15T16:01:11.466004 #15013] DEBUG -- : response chunk
D, [2015-02-15T16:01:11.466199 #15013] DEBUG -- : response chunk
D, [2015-02-15T16:01:16.874169 #15013] DEBUG -- : response chunk
D, [2015-02-15T16:01:16.874352 #15013] DEBUG -- : response chunk
D, [2015-02-15T16:01:35.712894 #15013] DEBUG -- : response chunk
D, [2015-02-15T16:01:35.713075 #15013] DEBUG -- : response chunk
D, [2015-02-15T16:01:37.010704 #15013] DEBUG -- : response chunk
D, [2015-02-15T16:01:37.011108 #15013] DEBUG -- : response chunk
D, [2015-02-15T16:01:42.565096 #15013] DEBUG -- : response chunk
D, [2015-02-15T16:01:42.565294 #15013] DEBUG -- : response chunk
D, [2015-02-15T16:01:47.923357 #15013] DEBUG -- : response chunk
D, [2015-02-15T16:01:47.923584 #15013] DEBUG -- : response chunk
D, [2015-02-15T16:02:06.607931 #15013] DEBUG -- : response chunk
D, [2015-02-15T16:02:06.608178 #15013] DEBUG -- : response chunk
D, [2015-02-15T16:02:08.163055 #15013] DEBUG -- : response chunk
D, [2015-02-15T16:02:08.163285 #15013] DEBUG -- : response chunk
D, [2015-02-15T16:02:13.705664 #15013] DEBUG -- : response chunk
D, [2015-02-15T16:02:13.705866 #15013] DEBUG -- : response chunk
D, [2015-02-15T16:02:18.927798 #15013] DEBUG -- : response chunk
D, [2015-02-15T16:02:18.927999 #15013] DEBUG -- : response chunk
D, [2015-02-15T16:02:31.553865 #15013] DEBUG -- : response chunk
D, [2015-02-15T16:02:31.554099 #15013] DEBUG -- : response chunk
D, [2015-02-15T16:02:31.555812 #15013] DEBUG -- : tweet:
D, [2015-02-15T16:02:37.490873 #15013] DEBUG -- : response chunk
D, [2015-02-15T16:02:37.491097 #15013] DEBUG -- : response chunk
D, [2015-02-15T16:02:44.827779 #15013] DEBUG -- : response chunk
D, [2015-02-15T16:02:44.827984 #15013] DEBUG -- : response chunk
D, [2015-02-15T16:02:49.941100 #15013] DEBUG -- : response chunk
D, [2015-02-15T16:02:49.941557 #15013] DEBUG -- : response chunk
D, [2015-02-15T16:03:04.227421 #15013] DEBUG -- : response chunk
D, [2015-02-15T16:03:04.227635 #15013] DEBUG -- : response chunk
D, [2015-02-15T16:03:08.380987 #15013] DEBUG -- : response chunk
D, [2015-02-15T16:03:08.381383 #15013] DEBUG -- : response chunk
D, [2015-02-15T16:03:15.950006 #15013] DEBUG -- : response chunk
D, [2015-02-15T16:03:15.950223 #15013] DEBUG -- : response chunk
D, [2015-02-15T16:03:20.943370 #15013] DEBUG -- : response chunk
D, [2015-02-15T16:03:20.943578 #15013] DEBUG -- : response chunk
D, [2015-02-15T16:03:35.380006 #15013] DEBUG -- : response chunk
D, [2015-02-15T16:03:35.380226 #15013] DEBUG -- : response chunk
D, [2015-02-15T16:03:39.257751 #15013] DEBUG -- : response chunk
D, [2015-02-15T16:03:39.257943 #15013] DEBUG -- : response chunk
D, [2015-02-15T16:03:47.075098 #15013] DEBUG -- : response chunk
D, [2015-02-15T16:03:47.075337 #15013] DEBUG -- : response chunk
D, [2015-02-15T16:03:51.921851 #15013] DEBUG -- : response chunk
D, [2015-02-15T16:03:51.922025 #15013] DEBUG -- : response chunk
D, [2015-02-15T16:04:06.369078 #15013] DEBUG -- : response chunk
D, [2015-02-15T16:04:06.369285 #15013] DEBUG -- : response chunk
D, [2015-02-15T16:04:06.370369 #15013] DEBUG -- : tweet:
D, [2015-02-15T16:04:06.535549 #15013] DEBUG -- : response chunk
D, [2015-02-15T16:04:06.535692 #15013] DEBUG -- : response chunk
D, [2015-02-15T16:04:10.161716 #15013] DEBUG -- : response chunk
D, [2015-02-15T16:04:10.161882 #15013] DEBUG -- : response chunk
D, [2015-02-15T16:04:18.204957 #15013] DEBUG -- : response chunk
D, [2015-02-15T16:04:18.205159 #15013] DEBUG -- : response chunk
D, [2015-02-15T16:04:37.677318 #15013] DEBUG -- : response chunk
D, [2015-02-15T16:04:37.677571 #15013] DEBUG -- : response chunk
D, [2015-02-15T16:04:38.488755 #15013] DEBUG -- : response chunk
D, [2015-02-15T16:04:38.488913 #15013] DEBUG -- : response chunk
D, [2015-02-15T16:04:41.033572 #15013] DEBUG -- : response chunk
D, [2015-02-15T16:04:41.033728 #15013] DEBUG -- : response chunk
D, [2015-02-15T16:04:49.303093 #15013] DEBUG -- : response chunk
D, [2015-02-15T16:04:49.303317 #15013] DEBUG -- : response chunk
D, [2015-02-15T16:05:08.838320 #15013] DEBUG -- : response chunk
D, [2015-02-15T16:05:08.838513 #15013] DEBUG -- : response chunk
D, [2015-02-15T16:05:09.492254 #15013] DEBUG -- : response chunk
D, [2015-02-15T16:05:09.492430 #15013] DEBUG -- : response chunk
D, [2015-02-15T16:05:11.922300 #15013] DEBUG -- : response chunk
D, [2015-02-15T16:05:11.922487 #15013] DEBUG -- : response chunk
D, [2015-02-15T16:05:20.424435 #15013] DEBUG -- : response chunk
D, [2015-02-15T16:05:20.424622 #15013] DEBUG -- : response chunk
D, [2015-02-15T16:05:39.990033 #15013] DEBUG -- : response chunk
D, [2015-02-15T16:05:39.990246 #15013] DEBUG -- : response chunk
D, [2015-02-15T16:05:40.463347 #15013] DEBUG -- : response chunk
D, [2015-02-15T16:05:40.463566 #15013] DEBUG -- : response chunk
D, [2015-02-15T16:05:42.784785 #15013] DEBUG -- : response chunk
D, [2015-02-15T16:05:42.784958 #15013] DEBUG -- : response chunk
D, [2015-02-15T16:05:51.544624 #15013] DEBUG -- : response chunk
D, [2015-02-15T16:05:51.544863 #15013] DEBUG -- : response chunk
D, [2015-02-15T16:06:11.336903 #15013] DEBUG -- : response chunk
D, [2015-02-15T16:06:11.337098 #15013] DEBUG -- : response chunk
D, [2015-02-15T16:06:11.477445 #15013] DEBUG -- : response chunk
D, [2015-02-15T16:06:11.477642 #15013] DEBUG -- : response chunk
D, [2015-02-15T16:06:13.655872 #15013] DEBUG -- : response chunk
D, [2015-02-15T16:06:13.656029 #15013] DEBUG -- : response chunk
D, [2015-02-15T16:06:22.686647 #15013] DEBUG -- : response chunk
D, [2015-02-15T16:06:22.687038 #15013] DEBUG -- : response chunk
D, [2015-02-15T16:06:42.470704 #15013] DEBUG -- : response chunk
D, [2015-02-15T16:06:42.470899 #15013] DEBUG -- : response chunk
D, [2015-02-15T16:06:42.511290 #15013] DEBUG -- : response chunk
D, [2015-02-15T16:06:42.511471 #15013] DEBUG -- : response chunk
D, [2015-02-15T16:06:44.529251 #15013] DEBUG -- : response chunk
D, [2015-02-15T16:06:44.529392 #15013] DEBUG -- : response chunk
D, [2015-02-15T16:06:53.814503 #15013] DEBUG -- : response chunk
D, [2015-02-15T16:06:53.814758 #15013] DEBUG -- : response chunk
D, [2015-02-15T16:07:13.506556 #15013] DEBUG -- : response chunk
D, [2015-02-15T16:07:13.506758 #15013] DEBUG -- : response chunk
D, [2015-02-15T16:07:13.588475 #15013] DEBUG -- : response chunk
D, [2015-02-15T16:07:13.588659 #15013] DEBUG -- : response chunk
D, [2015-02-15T16:07:15.394724 #15013] DEBUG -- : response chunk
D, [2015-02-15T16:07:15.394909 #15013] DEBUG -- : response chunk
D, [2015-02-15T16:07:24.966640 #15013] DEBUG -- : response chunk
D, [2015-02-15T16:07:24.966831 #15013] DEBUG -- : response chunk
D, [2015-02-15T16:07:44.493997 #15013] DEBUG -- : response chunk
D, [2015-02-15T16:07:44.494225 #15013] DEBUG -- : response chunk
D, [2015-02-15T16:07:44.742483 #15013] DEBUG -- : response chunk
D, [2015-02-15T16:07:44.742685 #15013] DEBUG -- : response chunk
D, [2015-02-15T16:07:46.287119 #15013] DEBUG -- : response chunk
D, [2015-02-15T16:07:46.287365 #15013] DEBUG -- : response chunk
D, [2015-02-15T16:07:56.092770 #15013] DEBUG -- : response chunk
D, [2015-02-15T16:07:56.092951 #15013] DEBUG -- : response chunk
D, [2015-02-15T16:08:02.542482 #15013] DEBUG -- : response chunk
D, [2015-02-15T16:08:02.542714 #15013] DEBUG -- : response chunk
D, [2015-02-15T16:08:02.544580 #15013] DEBUG -- : tweet:
D, [2015-02-15T16:08:15.877896 #15013] DEBUG -- : response chunk
D, [2015-02-15T16:08:15.878078 #15013] DEBUG -- : response chunk
D, [2015-02-15T16:08:17.145596 #15013] DEBUG -- : response chunk
D, [2015-02-15T16:08:17.145742 #15013] DEBUG -- : response chunk
D, [2015-02-15T16:08:27.225438 #15013] DEBUG -- : response chunk
D, [2015-02-15T16:08:27.225655 #15013] DEBUG -- : response chunk
D, [2015-02-15T16:08:34.116656 #15013] DEBUG -- : response chunk
D, [2015-02-15T16:08:34.116888 #15013] DEBUG -- : response chunk
D, [2015-02-15T16:08:47.008279 #15013] DEBUG -- : response chunk
D, [2015-02-15T16:08:47.008438 #15013] DEBUG -- : response chunk
D, [2015-02-15T16:08:48.026365 #15013] DEBUG -- : response chunk
D, [2015-02-15T16:08:48.026529 #15013] DEBUG -- : response chunk
D, [2015-02-15T16:08:58.371780 #15013] DEBUG -- : response chunk
D, [2015-02-15T16:08:58.372021 #15013] DEBUG -- : response chunk
D, [2015-02-15T16:09:05.123978 #15013] DEBUG -- : response chunk
D, [2015-02-15T16:09:05.124229 #15013] DEBUG -- : response chunk
D, [2015-02-15T16:09:18.159449 #15013] DEBUG -- : response chunk
D, [2015-02-15T16:09:18.159840 #15013] DEBUG -- : response chunk
D, [2015-02-15T16:09:18.896095 #15013] DEBUG -- : response chunk
D, [2015-02-15T16:09:18.896465 #15013] DEBUG -- : response chunk
D, [2015-02-15T16:09:29.505177 #15013] DEBUG -- : response chunk
D, [2015-02-15T16:09:29.505389 #15013] DEBUG -- : response chunk
D, [2015-02-15T16:09:36.117675 #15013] DEBUG -- : response chunk
D, [2015-02-15T16:09:36.117850 #15013] DEBUG -- : response chunk
D, [2015-02-15T16:09:49.269591 #15013] DEBUG -- : response chunk
D, [2015-02-15T16:09:49.269788 #15013] DEBUG -- : response chunk
D, [2015-02-15T16:09:49.763917 #15013] DEBUG -- : response chunk
D, [2015-02-15T16:09:49.764067 #15013] DEBUG -- : response chunk
D, [2015-02-15T16:10:00.645975 #15013] DEBUG -- : response chunk
D, [2015-02-15T16:10:00.646195 #15013] DEBUG -- : response chunk
D, [2015-02-15T16:10:07.135286 #15013] DEBUG -- : response chunk
D, [2015-02-15T16:10:07.135478 #15013] DEBUG -- : response chunk
D, [2015-02-15T16:10:20.439040 #15013] DEBUG -- : response chunk
D, [2015-02-15T16:10:20.439226 #15013] DEBUG -- : response chunk
D, [2015-02-15T16:10:20.646429 #15013] DEBUG -- : response chunk
D, [2015-02-15T16:10:20.646624 #15013] DEBUG -- : response chunk
D, [2015-02-15T16:10:31.790190 #15013] DEBUG -- : response chunk
D, [2015-02-15T16:10:31.790376 #15013] DEBUG -- : response chunk
D, [2015-02-15T16:10:38.118336 #15013] DEBUG -- : response chunk
D, [2015-02-15T16:10:38.118528 #15013] DEBUG -- : response chunk
D, [2015-02-15T16:10:51.525032 #15013] DEBUG -- : response chunk
D, [2015-02-15T16:10:51.525257 #15013] DEBUG -- : response chunk
D, [2015-02-15T16:10:51.619310 #15013] DEBUG -- : response chunk
D, [2015-02-15T16:10:51.619479 #15013] DEBUG -- : response chunk
D, [2015-02-15T16:11:02.945798 #15013] DEBUG -- : response chunk
D, [2015-02-15T16:11:02.945989 #15013] DEBUG -- : response chunk
D, [2015-02-15T16:11:09.168388 #15013] DEBUG -- : response chunk
D, [2015-02-15T16:11:09.168572 #15013] DEBUG -- : response chunk
D, [2015-02-15T16:11:22.415914 #15013] DEBUG -- : response chunk
D, [2015-02-15T16:11:22.416343 #15013] DEBUG -- : response chunk
D, [2015-02-15T16:11:22.761673 #15013] DEBUG -- : response chunk
D, [2015-02-15T16:11:22.761906 #15013] DEBUG -- : response chunk
D, [2015-02-15T16:11:34.061075 #15013] DEBUG -- : response chunk
D, [2015-02-15T16:11:34.061259 #15013] DEBUG -- : response chunk
D, [2015-02-15T16:11:40.174564 #15013] DEBUG -- : response chunk
D, [2015-02-15T16:11:40.174751 #15013] DEBUG -- : response chunk
D, [2015-02-15T16:11:53.273192 #15013] DEBUG -- : response chunk
D, [2015-02-15T16:11:53.273382 #15013] DEBUG -- : response chunk
D, [2015-02-15T16:11:53.902326 #15013] DEBUG -- : response chunk
D, [2015-02-15T16:11:53.902736 #15013] DEBUG -- : response chunk
D, [2015-02-15T16:12:05.193447 #15013] DEBUG -- : response chunk
D, [2015-02-15T16:12:05.193613 #15013] DEBUG -- : response chunk
D, [2015-02-15T16:12:11.246913 #15013] DEBUG -- : response chunk
D, [2015-02-15T16:12:11.247078 #15013] DEBUG -- : response chunk
D, [2015-02-15T16:12:24.140967 #15013] DEBUG -- : response chunk
D, [2015-02-15T16:12:24.141155 #15013] DEBUG -- : response chunk
D, [2015-02-15T16:12:25.046845 #15013] DEBUG -- : response chunk
D, [2015-02-15T16:12:25.047041 #15013] DEBUG -- : response chunk
D, [2015-02-15T16:12:36.344301 #15013] DEBUG -- : response chunk
D, [2015-02-15T16:12:36.344489 #15013] DEBUG -- : response chunk
D, [2015-02-15T16:12:42.233905 #15013] DEBUG -- : response chunk
D, [2015-02-15T16:12:42.234151 #15013] DEBUG -- : response chunk
D, [2015-02-15T16:12:55.011068 #15013] DEBUG -- : response chunk
D, [2015-02-15T16:12:55.011423 #15013] DEBUG -- : response chunk
D, [2015-02-15T16:12:56.188094 #15013] DEBUG -- : response chunk
D, [2015-02-15T16:12:56.188275 #15013] DEBUG -- : response chunk
D, [2015-02-15T16:13:07.409347 #15013] DEBUG -- : response chunk
D, [2015-02-15T16:13:07.409549 #15013] DEBUG -- : response chunk
D, [2015-02-15T16:13:07.410498 #15013] DEBUG -- : tweet:
D, [2015-02-15T16:13:07.478816 #15013] DEBUG -- : response chunk
D, [2015-02-15T16:13:07.478966 #15013] DEBUG -- : response chunk
D, [2015-02-15T16:13:25.906481 #15013] DEBUG -- : response chunk
D, [2015-02-15T16:13:25.906669 #15013] DEBUG -- : response chunk
D, [2015-02-15T16:13:27.326325 #15013] DEBUG -- : response chunk
D, [2015-02-15T16:13:27.326521 #15013] DEBUG -- : response chunk
D, [2015-02-15T16:13:38.060188 #15013] DEBUG -- : response chunk
D, [2015-02-15T16:13:38.060387 #15013] DEBUG -- : response chunk
D, [2015-02-15T16:13:38.599734 #15013] DEBUG -- : response chunk
D, [2015-02-15T16:13:38.599899 #15013] DEBUG -- : response chunk
D, [2015-02-15T16:13:56.793557 #15013] DEBUG -- : response chunk
D, [2015-02-15T16:13:56.793735 #15013] DEBUG -- : response chunk
D, [2015-02-15T16:13:58.483388 #15013] DEBUG -- : response chunk
D, [2015-02-15T16:13:58.483580 #15013] DEBUG -- : response chunk
D, [2015-02-15T16:14:09.086384 #15013] DEBUG -- : response chunk
D, [2015-02-15T16:14:09.086555 #15013] DEBUG -- : response chunk
D, [2015-02-15T16:14:09.732433 #15013] DEBUG -- : response chunk
D, [2015-02-15T16:14:09.732607 #15013] DEBUG -- : response chunk
D, [2015-02-15T16:14:27.679625 #15013] DEBUG -- : response chunk
D, [2015-02-15T16:14:27.679828 #15013] DEBUG -- : response chunk
D, [2015-02-15T16:14:29.595374 #15013] DEBUG -- : response chunk
D, [2015-02-15T16:14:29.595530 #15013] DEBUG -- : response chunk
D, [2015-02-15T16:14:40.137666 #15013] DEBUG -- : response chunk
D, [2015-02-15T16:14:40.137862 #15013] DEBUG -- : response chunk
D, [2015-02-15T16:14:40.868705 #15013] DEBUG -- : response chunk
D, [2015-02-15T16:14:40.868882 #15013] DEBUG -- : response chunk
D, [2015-02-15T16:14:58.546542 #15013] DEBUG -- : response chunk
D, [2015-02-15T16:14:58.546757 #15013] DEBUG -- : response chunk
D, [2015-02-15T16:15:00.745318 #15013] DEBUG -- : response chunk
D, [2015-02-15T16:15:00.745530 #15013] DEBUG -- : response chunk
D, [2015-02-15T16:15:11.147847 #15013] DEBUG -- : response chunk
D, [2015-02-15T16:15:11.148009 #15013] DEBUG -- : response chunk
D, [2015-02-15T16:15:12.033233 #15013] DEBUG -- : response chunk
D, [2015-02-15T16:15:12.033416 #15013] DEBUG -- : response chunk
D, [2015-02-15T16:15:29.399889 #15013] DEBUG -- : response chunk
D, [2015-02-15T16:15:29.400090 #15013] DEBUG -- : response chunk
D, [2015-02-15T16:15:31.875383 #15013] DEBUG -- : response chunk
D, [2015-02-15T16:15:31.875537 #15013] DEBUG -- : response chunk
D, [2015-02-15T16:15:42.104618 #15013] DEBUG -- : response chunk
D, [2015-02-15T16:15:42.104854 #15013] DEBUG -- : response chunk
D, [2015-02-15T16:15:43.140479 #15013] DEBUG -- : response chunk
D, [2015-02-15T16:15:43.140664 #15013] DEBUG -- : response chunk
D, [2015-02-15T16:16:00.239348 #15013] DEBUG -- : response chunk
D, [2015-02-15T16:16:00.239520 #15013] DEBUG -- : response chunk
D, [2015-02-15T16:16:02.478198 #15013] DEBUG -- : response chunk
D, [2015-02-15T16:16:02.478390 #15013] DEBUG -- : response chunk
D, [2015-02-15T16:16:02.479617 #15013] DEBUG -- : tweet:
D, [2015-02-15T16:16:02.957021 #15013] DEBUG -- : response chunk
D, [2015-02-15T16:16:02.957228 #15013] DEBUG -- : response chunk
D, [2015-02-15T16:16:14.295922 #15013] DEBUG -- : response chunk
D, [2015-02-15T16:16:14.296087 #15013] DEBUG -- : response chunk
D, [2015-02-15T16:16:31.135432 #15013] DEBUG -- : response chunk
D, [2015-02-15T16:16:31.135612 #15013] DEBUG -- : response chunk
D, [2015-02-15T16:16:34.097560 #15013] DEBUG -- : response chunk
D, [2015-02-15T16:16:34.098173 #15013] DEBUG -- : response chunk
D, [2015-02-15T16:16:34.876034 #15013] DEBUG -- : response chunk
D, [2015-02-15T16:16:34.876259 #15013] DEBUG -- : response chunk
D, [2015-02-15T16:16:45.388322 #15013] DEBUG -- : response chunk
D, [2015-02-15T16:16:45.388787 #15013] DEBUG -- : response chunk
D, [2015-02-15T16:17:02.033837 #15013] DEBUG -- : response chunk
D, [2015-02-15T16:17:02.034007 #15013] DEBUG -- : response chunk
D, [2015-02-15T16:17:05.249341 #15013] DEBUG -- : response chunk
D, [2015-02-15T16:17:05.249510 #15013] DEBUG -- : response chunk
D, [2015-02-15T16:17:05.920697 #15013] DEBUG -- : response chunk
D, [2015-02-15T16:17:05.920905 #15013] DEBUG -- : response chunk
D, [2015-02-15T16:17:16.526805 #15013] DEBUG -- : response chunk
D, [2015-02-15T16:17:16.527035 #15013] DEBUG -- : response chunk
D, [2015-02-15T16:17:32.934296 #15013] DEBUG -- : response chunk
D, [2015-02-15T16:17:32.934480 #15013] DEBUG -- : response chunk
D, [2015-02-15T16:17:36.388937 #15013] DEBUG -- : response chunk
D, [2015-02-15T16:17:36.389444 #15013] DEBUG -- : response chunk
D, [2015-02-15T16:17:36.933438 #15013] DEBUG -- : response chunk
D, [2015-02-15T16:17:36.933820 #15013] DEBUG -- : response chunk
D, [2015-02-15T16:17:47.686541 #15013] DEBUG -- : response chunk
D, [2015-02-15T16:17:47.686793 #15013] DEBUG -- : response chunk
D, [2015-02-15T16:18:03.832598 #15013] DEBUG -- : response chunk
D, [2015-02-15T16:18:03.832768 #15013] DEBUG -- : response chunk
D, [2015-02-15T16:18:06.500289 #15013] DEBUG -- : response chunk
D, [2015-02-15T16:18:06.500458 #15013] DEBUG -- : response chunk
D, [2015-02-15T16:18:06.501523 #15013] DEBUG -- : tweet:
D, [2015-02-15T16:18:07.529873 #15013] DEBUG -- : response chunk
D, [2015-02-15T16:18:07.530021 #15013] DEBUG -- : response chunk
D, [2015-02-15T16:18:07.995399 #15013] DEBUG -- : response chunk
D, [2015-02-15T16:18:07.995550 #15013] DEBUG -- : response chunk
D, [2015-02-15T16:18:08.847594 #15013] DEBUG -- : response chunk
D, [2015-02-15T16:18:08.847868 #15013] DEBUG -- : response chunk
D, [2015-02-15T16:18:08.851572 #15013] DEBUG -- : tweet:
D, [2015-02-15T16:18:37.781478 #15013] DEBUG -- : response chunk
D, [2015-02-15T16:18:37.781967 #15013] DEBUG -- : response chunk
D, [2015-02-15T16:18:38.655827 #15013] DEBUG -- : response chunk
D, [2015-02-15T16:18:38.655990 #15013] DEBUG -- : response chunk
D, [2015-02-15T16:18:39.019391 #15013] DEBUG -- : response chunk
D, [2015-02-15T16:18:39.019530 #15013] DEBUG -- : response chunk
D, [2015-02-15T16:18:40.589965 #15013] DEBUG -- : response chunk
D, [2015-02-15T16:18:40.590183 #15013] DEBUG -- : response chunk
D, [2015-02-15T16:19:08.678855 #15013] DEBUG -- : response chunk
D, [2015-02-15T16:19:08.679428 #15013] DEBUG -- : response chunk
D, [2015-02-15T16:19:09.790582 #15013] DEBUG -- : response chunk
D, [2015-02-15T16:19:09.790784 #15013] DEBUG -- : response chunk
D, [2015-02-15T16:19:10.049606 #15013] DEBUG -- : response chunk
D, [2015-02-15T16:19:10.049920 #15013] DEBUG -- : response chunk
D, [2015-02-15T16:19:11.689507 #15013] DEBUG -- : response chunk
D, [2015-02-15T16:19:11.689951 #15013] DEBUG -- : response chunk
D, [2015-02-15T16:19:39.579665 #15013] DEBUG -- : response chunk
D, [2015-02-15T16:19:39.579870 #15013] DEBUG -- : response chunk
D, [2015-02-15T16:19:40.869818 #15013] DEBUG -- : response chunk
D, [2015-02-15T16:19:40.869970 #15013] DEBUG -- : response chunk
D, [2015-02-15T16:19:41.085236 #15013] DEBUG -- : response chunk
D, [2015-02-15T16:19:41.085447 #15013] DEBUG -- : response chunk
D, [2015-02-15T16:19:42.832413 #15013] DEBUG -- : response chunk
D, [2015-02-15T16:19:42.832595 #15013] DEBUG -- : response chunk
D, [2015-02-15T16:20:10.466707 #15013] DEBUG -- : response chunk
D, [2015-02-15T16:20:10.466889 #15013] DEBUG -- : response chunk
D, [2015-02-15T16:20:12.047432 #15013] DEBUG -- : response chunk
D, [2015-02-15T16:20:12.047640 #15013] DEBUG -- : response chunk
D, [2015-02-15T16:20:12.162650 #15013] DEBUG -- : response chunk
D, [2015-02-15T16:20:12.162803 #15013] DEBUG -- : response chunk
D, [2015-02-15T16:20:13.975326 #15013] DEBUG -- : response chunk
D, [2015-02-15T16:20:13.975494 #15013] DEBUG -- : response chunk
D, [2015-02-15T16:20:28.658617 #15013] DEBUG -- : response chunk
D, [2015-02-15T16:20:28.658875 #15013] DEBUG -- : response chunk
D, [2015-02-15T16:20:28.660995 #15013] DEBUG -- : tweet:
D, [2015-02-15T16:20:43.169868 #15013] DEBUG -- : response chunk
D, [2015-02-15T16:20:43.170058 #15013] DEBUG -- : response chunk
D, [2015-02-15T16:20:43.190548 #15013] DEBUG -- : response chunk
D, [2015-02-15T16:20:43.190742 #15013] DEBUG -- : response chunk
D, [2015-02-15T16:20:45.107803 #15013] DEBUG -- : response chunk
D, [2015-02-15T16:20:45.107960 #15013] DEBUG -- : response chunk
D, [2015-02-15T16:20:59.909572 #15013] DEBUG -- : response chunk
D, [2015-02-15T16:20:59.909733 #15013] DEBUG -- : response chunk
D, [2015-02-15T16:21:11.443383 #15013] DEBUG -- : response chunk
D, [2015-02-15T16:21:11.443876 #15013] DEBUG -- : response chunk
D, [2015-02-15T16:21:11.445545 #15013] DEBUG -- : tweet:
D, [2015-02-15T16:21:14.321305 #15013] DEBUG -- : response chunk
D, [2015-02-15T16:21:14.321484 #15013] DEBUG -- : response chunk
D, [2015-02-15T16:21:16.228487 #15013] DEBUG -- : response chunk
D, [2015-02-15T16:21:16.228652 #15013] DEBUG -- : response chunk
D, [2015-02-15T16:21:30.771897 #15013] DEBUG -- : response chunk
D, [2015-02-15T16:21:30.772088 #15013] DEBUG -- : response chunk
D, [2015-02-15T16:21:42.119302 #15013] DEBUG -- : response chunk
D, [2015-02-15T16:21:42.119596 #15013] DEBUG -- : response chunk
D, [2015-02-15T16:21:45.461227 #15013] DEBUG -- : response chunk
D, [2015-02-15T16:21:45.461455 #15013] DEBUG -- : response chunk
D, [2015-02-15T16:21:47.350314 #15013] DEBUG -- : response chunk
D, [2015-02-15T16:21:47.350563 #15013] DEBUG -- : response chunk
D, [2015-02-15T16:22:01.646942 #15013] DEBUG -- : response chunk
D, [2015-02-15T16:22:01.647224 #15013] DEBUG -- : response chunk
D, [2015-02-15T16:22:09.303615 #15013] DEBUG -- : response chunk
D, [2015-02-15T16:22:09.303843 #15013] DEBUG -- : response chunk
D, [2015-02-15T16:22:09.305065 #15013] DEBUG -- : tweet:
D, [2015-02-15T16:22:12.384376 #15013] DEBUG -- : response chunk
D, [2015-02-15T16:22:12.384625 #15013] DEBUG -- : response chunk
D, [2015-02-15T16:22:12.386418 #15013] DEBUG -- : tweet:
D, [2015-02-15T16:22:13.119072 #15013] DEBUG -- : response chunk
D, [2015-02-15T16:22:13.119352 #15013] DEBUG -- : response chunk
D, [2015-02-15T16:22:32.754228 #15013] DEBUG -- : response chunk
D, [2015-02-15T16:22:32.754673 #15013] DEBUG -- : response chunk
D, [2015-02-15T16:22:32.755926 #15013] DEBUG -- : tweet:
D, [2015-02-15T16:22:33.993651 #15013] DEBUG -- : response chunk
D, [2015-02-15T16:22:33.993871 #15013] DEBUG -- : response chunk
D, [2015-02-15T16:22:33.995433 #15013] DEBUG -- : tweet:
D, [2015-02-15T16:22:41.512984 #15013] DEBUG -- : response chunk
D, [2015-02-15T16:22:41.513376 #15013] DEBUG -- : response chunk
D, [2015-02-15T16:22:43.402291 #15013] DEBUG -- : response chunk
D, [2015-02-15T16:22:43.402470 #15013] DEBUG -- : response chunk
D, [2015-02-15T16:23:03.711794 #15013] DEBUG -- : response chunk
D, [2015-02-15T16:23:03.711980 #15013] DEBUG -- : response chunk
D, [2015-02-15T16:23:05.851286 #15013] DEBUG -- : response chunk
D, [2015-02-15T16:23:05.851474 #15013] DEBUG -- : response chunk
D, [2015-02-15T16:23:12.646773 #15013] DEBUG -- : response chunk
D, [2015-02-15T16:23:12.646985 #15013] DEBUG -- : response chunk
D, [2015-02-15T16:23:14.521522 #15013] DEBUG -- : response chunk
D, [2015-02-15T16:23:14.521707 #15013] DEBUG -- : response chunk
D, [2015-02-15T16:23:34.580072 #15013] DEBUG -- : response chunk
D, [2015-02-15T16:23:34.580323 #15013] DEBUG -- : response chunk
D, [2015-02-15T16:23:36.859903 #15013] DEBUG -- : response chunk
D, [2015-02-15T16:23:36.860055 #15013] DEBUG -- : response chunk
D, [2015-02-15T16:23:43.777577 #15013] DEBUG -- : response chunk
D, [2015-02-15T16:23:43.777785 #15013] DEBUG -- : response chunk
D, [2015-02-15T16:23:45.631643 #15013] DEBUG -- : response chunk
D, [2015-02-15T16:23:45.631840 #15013] DEBUG -- : response chunk
D, [2015-02-15T16:24:03.063880 #15013] DEBUG -- : response chunk
D, [2015-02-15T16:24:03.064093 #15013] DEBUG -- : response chunk
D, [2015-02-15T16:24:03.065439 #15013] DEBUG -- : tweet:
D, [2015-02-15T16:24:05.460250 #15013] DEBUG -- : response chunk
D, [2015-02-15T16:24:05.460435 #15013] DEBUG -- : response chunk
D, [2015-02-15T16:24:06.178660 #15013] DEBUG -- : response chunk
D, [2015-02-15T16:24:06.178862 #15013] DEBUG -- : response chunk
D, [2015-02-15T16:24:06.179972 #15013] DEBUG -- : tweet:
D, [2015-02-15T16:24:16.749347 #15013] DEBUG -- : response chunk
D, [2015-02-15T16:24:16.749587 #15013] DEBUG -- : response chunk
D, [2015-02-15T16:24:33.595376 #15013] DEBUG -- : response chunk
D, [2015-02-15T16:24:33.595585 #15013] DEBUG -- : response chunk
D, [2015-02-15T16:24:36.338179 #15013] DEBUG -- : response chunk
D, [2015-02-15T16:24:36.338355 #15013] DEBUG -- : response chunk
D, [2015-02-15T16:24:38.903306 #15013] DEBUG -- : response chunk
D, [2015-02-15T16:24:38.903547 #15013] DEBUG -- : response chunk
D, [2015-02-15T16:24:47.869486 #15013] DEBUG -- : response chunk
D, [2015-02-15T16:24:47.869850 #15013] DEBUG -- : response chunk
D, [2015-02-15T16:25:04.768952 #15013] DEBUG -- : response chunk
D, [2015-02-15T16:25:04.769155 #15013] DEBUG -- : response chunk
D, [2015-02-15T16:25:07.204118 #15013] DEBUG -- : response chunk
D, [2015-02-15T16:25:07.204576 #15013] DEBUG -- : response chunk
D, [2015-02-15T16:25:09.922829 #15013] DEBUG -- : response chunk
D, [2015-02-15T16:25:09.923336 #15013] DEBUG -- : response chunk
D, [2015-02-15T16:25:19.021592 #15013] DEBUG -- : response chunk
D, [2015-02-15T16:25:19.021989 #15013] DEBUG -- : response chunk
D, [2015-02-15T16:25:35.927635 #15013] DEBUG -- : response chunk
D, [2015-02-15T16:25:35.927813 #15013] DEBUG -- : response chunk
D, [2015-02-15T16:25:38.096704 #15013] DEBUG -- : response chunk
D, [2015-02-15T16:25:38.096846 #15013] DEBUG -- : response chunk
D, [2015-02-15T16:25:40.992243 #15013] DEBUG -- : response chunk
D, [2015-02-15T16:25:40.992445 #15013] DEBUG -- : response chunk
D, [2015-02-15T16:25:50.146681 #15013] DEBUG -- : response chunk
D, [2015-02-15T16:25:50.146883 #15013] DEBUG -- : response chunk
D, [2015-02-15T16:26:07.095419 #15013] DEBUG -- : response chunk
D, [2015-02-15T16:26:07.095898 #15013] DEBUG -- : response chunk
D, [2015-02-15T16:26:09.010793 #15013] DEBUG -- : response chunk
D, [2015-02-15T16:26:09.011288 #15013] DEBUG -- : response chunk
D, [2015-02-15T16:26:12.115333 #15013] DEBUG -- : response chunk
D, [2015-02-15T16:26:12.115511 #15013] DEBUG -- : response chunk
D, [2015-02-15T16:26:21.262946 #15013] DEBUG -- : response chunk
D, [2015-02-15T16:26:21.263201 #15013] DEBUG -- : response chunk
D, [2015-02-15T16:26:38.227676 #15013] DEBUG -- : response chunk
D, [2015-02-15T16:26:38.227873 #15013] DEBUG -- : response chunk
D, [2015-02-15T16:26:39.899022 #15013] DEBUG -- : response chunk
D, [2015-02-15T16:26:39.899253 #15013] DEBUG -- : response chunk
D, [2015-02-15T16:26:43.116679 #15013] DEBUG -- : response chunk
D, [2015-02-15T16:26:43.116877 #15013] DEBUG -- : response chunk
D, [2015-02-15T16:26:52.396583 #15013] DEBUG -- : response chunk
D, [2015-02-15T16:26:52.396762 #15013] DEBUG -- : response chunk
D, [2015-02-15T16:27:02.446018 #15013] DEBUG -- : response chunk
D, [2015-02-15T16:27:02.446244 #15013] DEBUG -- : response chunk
D, [2015-02-15T16:27:02.447447 #15013] DEBUG -- : tweet:
D, [2015-02-15T16:27:09.364752 #15013] DEBUG -- : response chunk
D, [2015-02-15T16:27:09.364924 #15013] DEBUG -- : response chunk
D, [2015-02-15T16:27:10.819434 #15013] DEBUG -- : response chunk
D, [2015-02-15T16:27:10.819617 #15013] DEBUG -- : response chunk
D, [2015-02-15T16:27:14.204927 #15013] DEBUG -- : response chunk
D, [2015-02-15T16:27:14.205180 #15013] DEBUG -- : response chunk
D, [2015-02-15T16:27:32.868014 #15013] DEBUG -- : response chunk
D, [2015-02-15T16:27:32.868435 #15013] DEBUG -- : response chunk
D, [2015-02-15T16:27:40.501732 #15013] DEBUG -- : response chunk
D, [2015-02-15T16:27:40.501911 #15013] DEBUG -- : response chunk
D, [2015-02-15T16:27:41.751489 #15013] DEBUG -- : response chunk
D, [2015-02-15T16:27:41.751690 #15013] DEBUG -- : response chunk
D, [2015-02-15T16:27:45.200679 #15013] DEBUG -- : response chunk
D, [2015-02-15T16:27:45.200875 #15013] DEBUG -- : response chunk
D, [2015-02-15T16:28:03.967698 #15013] DEBUG -- : response chunk
D, [2015-02-15T16:28:03.969020 #15013] DEBUG -- : response chunk
D, [2015-02-15T16:28:11.635748 #15013] DEBUG -- : response chunk
D, [2015-02-15T16:28:11.635935 #15013] DEBUG -- : response chunk
D, [2015-02-15T16:28:12.659622 #15013] DEBUG -- : response chunk
D, [2015-02-15T16:28:12.659966 #15013] DEBUG -- : response chunk
D, [2015-02-15T16:28:16.214780 #15013] DEBUG -- : response chunk
D, [2015-02-15T16:28:16.214988 #15013] DEBUG -- : response chunk
D, [2015-02-15T16:28:35.094905 #15013] DEBUG -- : response chunk
D, [2015-02-15T16:28:35.095349 #15013] DEBUG -- : response chunk
D, [2015-02-15T16:28:38.361815 #15013] DEBUG -- : response chunk
D, [2015-02-15T16:28:38.362020 #15013] DEBUG -- : response chunk
D, [2015-02-15T16:28:38.363656 #15013] DEBUG -- : tweet:
D, [2015-02-15T16:28:42.806020 #15013] DEBUG -- : response chunk
D, [2015-02-15T16:28:42.806259 #15013] DEBUG -- : response chunk
D, [2015-02-15T16:28:43.559479 #15013] DEBUG -- : response chunk
D, [2015-02-15T16:28:43.559644 #15013] DEBUG -- : response chunk
D, [2015-02-15T16:29:06.273292 #15013] DEBUG -- : response chunk
D, [2015-02-15T16:29:06.273501 #15013] DEBUG -- : response chunk
D, [2015-02-15T16:29:08.985336 #15013] DEBUG -- : response chunk
D, [2015-02-15T16:29:08.985480 #15013] DEBUG -- : response chunk
D, [2015-02-15T16:29:14.289473 #15013] DEBUG -- : response chunk
D, [2015-02-15T16:29:14.289653 #15013] DEBUG -- : response chunk
D, [2015-02-15T16:29:14.453485 #15013] DEBUG -- : response chunk
D, [2015-02-15T16:29:14.453815 #15013] DEBUG -- : response chunk
D, [2015-02-15T16:29:37.406970 #15013] DEBUG -- : response chunk
D, [2015-02-15T16:29:37.407220 #15013] DEBUG -- : response chunk
D, [2015-02-15T16:29:40.009661 #15013] DEBUG -- : response chunk
D, [2015-02-15T16:29:40.010006 #15013] DEBUG -- : response chunk
D, [2015-02-15T16:29:45.116657 #15013] DEBUG -- : response chunk
D, [2015-02-15T16:29:45.117014 #15013] DEBUG -- : response chunk
D, [2015-02-15T16:29:45.359683 #15013] DEBUG -- : response chunk
D, [2015-02-15T16:29:45.360066 #15013] DEBUG -- : response chunk
D, [2015-02-15T16:30:03.626809 #15013] DEBUG -- : response chunk
D, [2015-02-15T16:30:03.626975 #15013] DEBUG -- : response chunk
D, [2015-02-15T16:30:03.628399 #15013] DEBUG -- : tweet:
D, [2015-02-15T16:30:08.435420 #15013] DEBUG -- : response chunk
D, [2015-02-15T16:30:08.435595 #15013] DEBUG -- : response chunk
D, [2015-02-15T16:30:08.436735 #15013] DEBUG -- : tweet:
D, [2015-02-15T16:30:11.099629 #15013] DEBUG -- : response chunk
D, [2015-02-15T16:30:11.100090 #15013] DEBUG -- : response chunk
D, [2015-02-15T16:30:16.256317 #15013] DEBUG -- : response chunk
D, [2015-02-15T16:30:16.256505 #15013] DEBUG -- : response chunk
D, [2015-02-15T16:30:16.288498 #15013] DEBUG -- : response chunk
D, [2015-02-15T16:30:16.288664 #15013] DEBUG -- : response chunk
D, [2015-02-15T16:30:39.680237 #15013] DEBUG -- : response chunk
D, [2015-02-15T16:30:39.680468 #15013] DEBUG -- : response chunk
D, [2015-02-15T16:30:42.092959 #15013] DEBUG -- : response chunk
D, [2015-02-15T16:30:42.093168 #15013] DEBUG -- : response chunk
D, [2015-02-15T16:30:47.150042 #15013] DEBUG -- : response chunk
D, [2015-02-15T16:30:47.150244 #15013] DEBUG -- : response chunk
D, [2015-02-15T16:30:47.456182 #15013] DEBUG -- : response chunk
D, [2015-02-15T16:30:47.456359 #15013] DEBUG -- : response chunk
D, [2015-02-15T16:31:10.818617 #15013] DEBUG -- : response chunk
D, [2015-02-15T16:31:10.818973 #15013] DEBUG -- : response chunk
D, [2015-02-15T16:31:13.081147 #15013] DEBUG -- : response chunk
D, [2015-02-15T16:31:13.081309 #15013] DEBUG -- : response chunk
D, [2015-02-15T16:31:18.052169 #15013] DEBUG -- : response chunk
D, [2015-02-15T16:31:18.052331 #15013] DEBUG -- : response chunk
D, [2015-02-15T16:31:18.580788 #15013] DEBUG -- : response chunk
D, [2015-02-15T16:31:18.581243 #15013] DEBUG -- : response chunk
D, [2015-02-15T16:31:41.945855 #15013] DEBUG -- : response chunk
D, [2015-02-15T16:31:41.946244 #15013] DEBUG -- : response chunk
D, [2015-02-15T16:31:44.096042 #15013] DEBUG -- : response chunk
D, [2015-02-15T16:31:44.096249 #15013] DEBUG -- : response chunk
D, [2015-02-15T16:31:48.940179 #15013] DEBUG -- : response chunk
D, [2015-02-15T16:31:48.940326 #15013] DEBUG -- : response chunk
D, [2015-02-15T16:31:49.673592 #15013] DEBUG -- : response chunk
D, [2015-02-15T16:31:49.673795 #15013] DEBUG -- : response chunk
D, [2015-02-15T16:32:02.130574 #15013] DEBUG -- : response chunk
D, [2015-02-15T16:32:02.130792 #15013] DEBUG -- : response chunk
D, [2015-02-15T16:32:02.132045 #15013] DEBUG -- : tweet:
D, [2015-02-15T16:32:15.119081 #15013] DEBUG -- : response chunk
D, [2015-02-15T16:32:15.119368 #15013] DEBUG -- : response chunk
D, [2015-02-15T16:32:19.837261 #15013] DEBUG -- : response chunk
D, [2015-02-15T16:32:19.837417 #15013] DEBUG -- : response chunk
D, [2015-02-15T16:32:20.814163 #15013] DEBUG -- : response chunk
D, [2015-02-15T16:32:20.814419 #15013] DEBUG -- : response chunk
D, [2015-02-15T16:32:34.900917 #15013] DEBUG -- : response chunk
D, [2015-02-15T16:32:34.901082 #15013] DEBUG -- : response chunk
D, [2015-02-15T16:32:46.167730 #15013] DEBUG -- : response chunk
D, [2015-02-15T16:32:46.167907 #15013] DEBUG -- : response chunk
D, [2015-02-15T16:32:50.742103 #15013] DEBUG -- : response chunk
D, [2015-02-15T16:32:50.742337 #15013] DEBUG -- : response chunk
D, [2015-02-15T16:32:51.957875 #15013] DEBUG -- : response chunk
D, [2015-02-15T16:32:51.958077 #15013] DEBUG -- : response chunk
D, [2015-02-15T16:33:03.528703 #15013] DEBUG -- : response chunk
D, [2015-02-15T16:33:03.528943 #15013] DEBUG -- : response chunk
D, [2015-02-15T16:33:03.530498 #15013] DEBUG -- : tweet:
D, [2015-02-15T16:33:06.044319 #15013] DEBUG -- : response chunk
D, [2015-02-15T16:33:06.044700 #15013] DEBUG -- : response chunk
D, [2015-02-15T16:33:17.199023 #15013] DEBUG -- : response chunk
D, [2015-02-15T16:33:17.199319 #15013] DEBUG -- : response chunk
D, [2015-02-15T16:33:21.630867 #15013] DEBUG -- : response chunk
D, [2015-02-15T16:33:21.631023 #15013] DEBUG -- : response chunk
D, [2015-02-15T16:33:35.565803 #15013] DEBUG -- : response chunk
D, [2015-02-15T16:33:35.565970 #15013] DEBUG -- : response chunk
D, [2015-02-15T16:33:37.143005 #15013] DEBUG -- : response chunk
D, [2015-02-15T16:33:37.143443 #15013] DEBUG -- : response chunk
D, [2015-02-15T16:33:48.282875 #15013] DEBUG -- : response chunk
D, [2015-02-15T16:33:48.283455 #15013] DEBUG -- : response chunk
D, [2015-02-15T16:33:52.519979 #15013] DEBUG -- : response chunk
D, [2015-02-15T16:33:52.520247 #15013] DEBUG -- : response chunk
D, [2015-02-15T16:34:06.702408 #15013] DEBUG -- : response chunk
D, [2015-02-15T16:34:06.702600 #15013] DEBUG -- : response chunk
D, [2015-02-15T16:34:08.264713 #15013] DEBUG -- : response chunk
D, [2015-02-15T16:34:08.265402 #15013] DEBUG -- : response chunk
D, [2015-02-15T16:34:19.314436 #15013] DEBUG -- : response chunk
D, [2015-02-15T16:34:19.314636 #15013] DEBUG -- : response chunk
D, [2015-02-15T16:34:23.408293 #15013] DEBUG -- : response chunk
D, [2015-02-15T16:34:23.408455 #15013] DEBUG -- : response chunk
D, [2015-02-15T16:34:37.851027 #15013] DEBUG -- : response chunk
D, [2015-02-15T16:34:37.851414 #15013] DEBUG -- : response chunk
D, [2015-02-15T16:34:39.361444 #15013] DEBUG -- : response chunk
D, [2015-02-15T16:34:39.361804 #15013] DEBUG -- : response chunk
D, [2015-02-15T16:34:50.354109 #15013] DEBUG -- : response chunk
D, [2015-02-15T16:34:50.354529 #15013] DEBUG -- : response chunk
D, [2015-02-15T16:34:54.317453 #15013] DEBUG -- : response chunk
D, [2015-02-15T16:34:54.317633 #15013] DEBUG -- : response chunk
D, [2015-02-15T16:35:08.948165 #15013] DEBUG -- : response chunk
D, [2015-02-15T16:35:08.948500 #15013] DEBUG -- : response chunk
D, [2015-02-15T16:35:10.476308 #15013] DEBUG -- : response chunk
D, [2015-02-15T16:35:10.476500 #15013] DEBUG -- : response chunk
D, [2015-02-15T16:35:21.424681 #15013] DEBUG -- : response chunk
D, [2015-02-15T16:35:21.424858 #15013] DEBUG -- : response chunk
D, [2015-02-15T16:35:25.198021 #15013] DEBUG -- : response chunk
D, [2015-02-15T16:35:25.198231 #15013] DEBUG -- : response chunk
D, [2015-02-15T16:35:40.100403 #15013] DEBUG -- : response chunk
D, [2015-02-15T16:35:40.100562 #15013] DEBUG -- : response chunk
D, [2015-02-15T16:35:41.782959 #15013] DEBUG -- : response chunk
D, [2015-02-15T16:35:41.783181 #15013] DEBUG -- : response chunk
D, [2015-02-15T16:35:52.475410 #15013] DEBUG -- : response chunk
D, [2015-02-15T16:35:52.475631 #15013] DEBUG -- : response chunk
D, [2015-02-15T16:35:56.135502 #15013] DEBUG -- : response chunk
D, [2015-02-15T16:35:56.135676 #15013] DEBUG -- : response chunk
D, [2015-02-15T16:36:03.223215 #15013] DEBUG -- : response chunk
D, [2015-02-15T16:36:03.223391 #15013] DEBUG -- : response chunk
D, [2015-02-15T16:36:03.224452 #15013] DEBUG -- : tweet:
D, [2015-02-15T16:36:12.887056 #15013] DEBUG -- : response chunk
D, [2015-02-15T16:36:12.887302 #15013] DEBUG -- : response chunk
D, [2015-02-15T16:36:23.476176 #15013] DEBUG -- : response chunk
D, [2015-02-15T16:36:23.476368 #15013] DEBUG -- : response chunk
D, [2015-02-15T16:36:27.027741 #15013] DEBUG -- : response chunk
D, [2015-02-15T16:36:27.027924 #15013] DEBUG -- : response chunk
D, [2015-02-15T16:36:36.141843 #15013] DEBUG -- : response chunk
D, [2015-02-15T16:36:36.142266 #15013] DEBUG -- : response chunk
D, [2015-02-15T16:36:44.019363 #15013] DEBUG -- : response chunk
D, [2015-02-15T16:36:44.019565 #15013] DEBUG -- : response chunk
D, [2015-02-15T16:36:54.474933 #15013] DEBUG -- : response chunk
D, [2015-02-15T16:36:54.475158 #15013] DEBUG -- : response chunk
D, [2015-02-15T16:36:57.932620 #15013] DEBUG -- : response chunk
D, [2015-02-15T16:36:57.932813 #15013] DEBUG -- : response chunk
D, [2015-02-15T16:37:07.254285 #15013] DEBUG -- : response chunk
D, [2015-02-15T16:37:07.254465 #15013] DEBUG -- : response chunk
D, [2015-02-15T16:37:15.140967 #15013] DEBUG -- : response chunk
D, [2015-02-15T16:37:15.141211 #15013] DEBUG -- : response chunk
D, [2015-02-15T16:37:25.510937 #15013] DEBUG -- : response chunk
D, [2015-02-15T16:37:25.511229 #15013] DEBUG -- : response chunk
D, [2015-02-15T16:37:28.838010 #15013] DEBUG -- : response chunk
D, [2015-02-15T16:37:28.838210 #15013] DEBUG -- : response chunk
D, [2015-02-15T16:37:38.412605 #15013] DEBUG -- : response chunk
D, [2015-02-15T16:37:38.412969 #15013] DEBUG -- : response chunk
D, [2015-02-15T16:37:46.285047 #15013] DEBUG -- : response chunk
D, [2015-02-15T16:37:46.285252 #15013] DEBUG -- : response chunk
D, [2015-02-15T16:37:56.575306 #15013] DEBUG -- : response chunk
D, [2015-02-15T16:37:56.575456 #15013] DEBUG -- : response chunk
D, [2015-02-15T16:37:59.731627 #15013] DEBUG -- : response chunk
D, [2015-02-15T16:37:59.731985 #15013] DEBUG -- : response chunk
D, [2015-02-15T16:38:09.547010 #15013] DEBUG -- : response chunk
D, [2015-02-15T16:38:09.547251 #15013] DEBUG -- : response chunk
D, [2015-02-15T16:38:17.420852 #15013] DEBUG -- : response chunk
D, [2015-02-15T16:38:17.421006 #15013] DEBUG -- : response chunk
D, [2015-02-15T16:38:27.594023 #15013] DEBUG -- : response chunk
D, [2015-02-15T16:38:27.594265 #15013] DEBUG -- : response chunk
D, [2015-02-15T16:38:30.650824 #15013] DEBUG -- : response chunk
D, [2015-02-15T16:38:30.650965 #15013] DEBUG -- : response chunk
D, [2015-02-15T16:38:40.713358 #15013] DEBUG -- : response chunk
D, [2015-02-15T16:38:40.713569 #15013] DEBUG -- : response chunk
D, [2015-02-15T16:38:48.543383 #15013] DEBUG -- : response chunk
D, [2015-02-15T16:38:48.543539 #15013] DEBUG -- : response chunk
D, [2015-02-15T16:38:58.646830 #15013] DEBUG -- : response chunk
D, [2015-02-15T16:38:58.646997 #15013] DEBUG -- : response chunk
D, [2015-02-15T16:39:01.560558 #15013] DEBUG -- : response chunk
D, [2015-02-15T16:39:01.560758 #15013] DEBUG -- : response chunk
D, [2015-02-15T16:39:11.862316 #15013] DEBUG -- : response chunk
D, [2015-02-15T16:39:11.862527 #15013] DEBUG -- : response chunk
D, [2015-02-15T16:39:19.657667 #15013] DEBUG -- : response chunk
D, [2015-02-15T16:39:19.657860 #15013] DEBUG -- : response chunk
D, [2015-02-15T16:39:29.646514 #15013] DEBUG -- : response chunk
D, [2015-02-15T16:39:29.646696 #15013] DEBUG -- : response chunk
D, [2015-02-15T16:39:32.486474 #15013] DEBUG -- : response chunk
D, [2015-02-15T16:39:32.486644 #15013] DEBUG -- : response chunk
D, [2015-02-15T16:39:43.002591 #15013] DEBUG -- : response chunk
D, [2015-02-15T16:39:43.002748 #15013] DEBUG -- : response chunk
D, [2015-02-15T16:39:50.803800 #15013] DEBUG -- : response chunk
D, [2015-02-15T16:39:50.808930 #15013] DEBUG -- : response chunk
D, [2015-02-15T16:40:00.672913 #15013] DEBUG -- : response chunk
D, [2015-02-15T16:40:00.673068 #15013] DEBUG -- : response chunk
D, [2015-02-15T16:40:03.061984 #15013] DEBUG -- : response chunk
D, [2015-02-15T16:40:03.062261 #15013] DEBUG -- : response chunk
D, [2015-02-15T16:40:03.064101 #15013] DEBUG -- : tweet:
D, [2015-02-15T16:40:03.431555 #15013] DEBUG -- : response chunk
D, [2015-02-15T16:40:03.431760 #15013] DEBUG -- : response chunk
D, [2015-02-15T16:40:14.149564 #15013] DEBUG -- : response chunk
D, [2015-02-15T16:40:14.149716 #15013] DEBUG -- : response chunk
D, [2015-02-15T16:40:31.737002 #15013] DEBUG -- : response chunk
D, [2015-02-15T16:40:31.737240 #15013] DEBUG -- : response chunk
D, [2015-02-15T16:40:34.340087 #15013] DEBUG -- : response chunk
D, [2015-02-15T16:40:34.340317 #15013] DEBUG -- : response chunk
D, [2015-02-15T16:40:34.393987 #15013] DEBUG -- : response chunk
D, [2015-02-15T16:40:34.394202 #15013] DEBUG -- : response chunk
D, [2015-02-15T16:40:45.300396 #15013] DEBUG -- : response chunk
D, [2015-02-15T16:40:45.300562 #15013] DEBUG -- : response chunk
D, [2015-02-15T16:41:02.741885 #15013] DEBUG -- : response chunk
D, [2015-02-15T16:41:02.742045 #15013] DEBUG -- : response chunk
D, [2015-02-15T16:41:05.241421 #15013] DEBUG -- : response chunk
D, [2015-02-15T16:41:05.241589 #15013] DEBUG -- : response chunk
D, [2015-02-15T16:41:05.501086 #15013] DEBUG -- : response chunk
D, [2015-02-15T16:41:05.501288 #15013] DEBUG -- : response chunk
D, [2015-02-15T16:41:16.444906 #15013] DEBUG -- : response chunk
D, [2015-02-15T16:41:16.445073 #15013] DEBUG -- : response chunk
D, [2015-02-15T16:41:33.796406 #15013] DEBUG -- : response chunk
D, [2015-02-15T16:41:33.796709 #15013] DEBUG -- : response chunk
D, [2015-02-15T16:41:36.169736 #15013] DEBUG -- : response chunk
D, [2015-02-15T16:41:36.169896 #15013] DEBUG -- : response chunk
D, [2015-02-15T16:41:36.642789 #15013] DEBUG -- : response chunk
D, [2015-02-15T16:41:36.642960 #15013] DEBUG -- : response chunk
D, [2015-02-15T16:41:47.566109 #15013] DEBUG -- : response chunk
D, [2015-02-15T16:41:47.566314 #15013] DEBUG -- : response chunk
D, [2015-02-15T16:42:02.052553 #15013] DEBUG -- : response chunk
D, [2015-02-15T16:42:02.052788 #15013] DEBUG -- : response chunk
D, [2015-02-15T16:42:02.054603 #15013] DEBUG -- : tweet:
D, [2015-02-15T16:42:07.083544 #15013] DEBUG -- : response chunk
D, [2015-02-15T16:42:07.083725 #15013] DEBUG -- : response chunk
D, [2015-02-15T16:42:07.774858 #15013] DEBUG -- : response chunk
D, [2015-02-15T16:42:07.775021 #15013] DEBUG -- : response chunk
D, [2015-02-15T16:42:12.228047 #15013] DEBUG -- : response chunk
D, [2015-02-15T16:42:12.228277 #15013] DEBUG -- : response chunk
D, [2015-02-15T16:42:12.229498 #15013] DEBUG -- : tweet:
D, [2015-02-15T16:42:18.644524 #15013] DEBUG -- : response chunk
D, [2015-02-15T16:42:18.644714 #15013] DEBUG -- : response chunk
D, [2015-02-15T16:42:37.983394 #15013] DEBUG -- : response chunk
D, [2015-02-15T16:42:37.983599 #15013] DEBUG -- : response chunk
D, [2015-02-15T16:42:38.928755 #15013] DEBUG -- : response chunk
D, [2015-02-15T16:42:38.928919 #15013] DEBUG -- : response chunk
D, [2015-02-15T16:42:45.168029 #15013] DEBUG -- : response chunk
D, [2015-02-15T16:42:45.168223 #15013] DEBUG -- : response chunk
D, [2015-02-15T16:42:49.757234 #15013] DEBUG -- : response chunk
D, [2015-02-15T16:42:49.757580 #15013] DEBUG -- : response chunk
D, [2015-02-15T16:43:08.895375 #15013] DEBUG -- : response chunk
D, [2015-02-15T16:43:08.895560 #15013] DEBUG -- : response chunk
D, [2015-02-15T16:43:10.048582 #15013] DEBUG -- : response chunk
D, [2015-02-15T16:43:10.048752 #15013] DEBUG -- : response chunk
D, [2015-02-15T16:43:16.407438 #15013] DEBUG -- : response chunk
D, [2015-02-15T16:43:16.407605 #15013] DEBUG -- : response chunk
D, [2015-02-15T16:43:20.918445 #15013] DEBUG -- : response chunk
D, [2015-02-15T16:43:20.918630 #15013] DEBUG -- : response chunk
D, [2015-02-15T16:43:39.806043 #15013] DEBUG -- : response chunk
D, [2015-02-15T16:43:39.806266 #15013] DEBUG -- : response chunk
D, [2015-02-15T16:43:41.391317 #15013] DEBUG -- : response chunk
D, [2015-02-15T16:43:41.391471 #15013] DEBUG -- : response chunk
D, [2015-02-15T16:43:47.444461 #15013] DEBUG -- : response chunk
D, [2015-02-15T16:43:47.444636 #15013] DEBUG -- : response chunk
D, [2015-02-15T16:43:52.066886 #15013] DEBUG -- : response chunk
D, [2015-02-15T16:43:52.067048 #15013] DEBUG -- : response chunk
D, [2015-02-15T16:44:10.684194 #15013] DEBUG -- : response chunk
D, [2015-02-15T16:44:10.684406 #15013] DEBUG -- : response chunk
D, [2015-02-15T16:44:12.516210 #15013] DEBUG -- : response chunk
D, [2015-02-15T16:44:12.516376 #15013] DEBUG -- : response chunk
D, [2015-02-15T16:44:18.497051 #15013] DEBUG -- : response chunk
D, [2015-02-15T16:44:18.497261 #15013] DEBUG -- : response chunk
D, [2015-02-15T16:44:23.213491 #15013] DEBUG -- : response chunk
D, [2015-02-15T16:44:23.213692 #15013] DEBUG -- : response chunk
D, [2015-02-15T16:44:41.574571 #15013] DEBUG -- : response chunk
D, [2015-02-15T16:44:41.574815 #15013] DEBUG -- : response chunk
D, [2015-02-15T16:44:43.656037 #15013] DEBUG -- : response chunk
D, [2015-02-15T16:44:43.656261 #15013] DEBUG -- : response chunk
D, [2015-02-15T16:44:49.530822 #15013] DEBUG -- : response chunk
D, [2015-02-15T16:44:49.531008 #15013] DEBUG -- : response chunk
D, [2015-02-15T16:44:54.373892 #15013] DEBUG -- : response chunk
D, [2015-02-15T16:44:54.374059 #15013] DEBUG -- : response chunk
D, [2015-02-15T16:45:12.475433 #15013] DEBUG -- : response chunk
D, [2015-02-15T16:45:12.475664 #15013] DEBUG -- : response chunk
D, [2015-02-15T16:45:14.792890 #15013] DEBUG -- : response chunk
D, [2015-02-15T16:45:14.793088 #15013] DEBUG -- : response chunk
D, [2015-02-15T16:45:20.578650 #15013] DEBUG -- : response chunk
D, [2015-02-15T16:45:20.578891 #15013] DEBUG -- : response chunk
D, [2015-02-15T16:45:25.538842 #15013] DEBUG -- : response chunk
D, [2015-02-15T16:45:25.539013 #15013] DEBUG -- : response chunk
D, [2015-02-15T16:45:43.375511 #15013] DEBUG -- : response chunk
D, [2015-02-15T16:45:43.375761 #15013] DEBUG -- : response chunk
D, [2015-02-15T16:45:45.929336 #15013] DEBUG -- : response chunk
D, [2015-02-15T16:45:45.929494 #15013] DEBUG -- : response chunk
D, [2015-02-15T16:45:51.618494 #15013] DEBUG -- : response chunk
D, [2015-02-15T16:45:51.618706 #15013] DEBUG -- : response chunk
D, [2015-02-15T16:45:56.637166 #15013] DEBUG -- : response chunk
D, [2015-02-15T16:45:56.637342 #15013] DEBUG -- : response chunk
D, [2015-02-15T16:46:06.243951 #15013] DEBUG -- : response chunk
D, [2015-02-15T16:46:06.244176 #15013] DEBUG -- : response chunk
D, [2015-02-15T16:46:06.245182 #15013] DEBUG -- : tweet:
D, [2015-02-15T16:46:14.287918 #15013] DEBUG -- : response chunk
D, [2015-02-15T16:46:14.288101 #15013] DEBUG -- : response chunk
D, [2015-02-15T16:46:18.399301 #15013] DEBUG -- : response chunk
D, [2015-02-15T16:46:18.399528 #15013] DEBUG -- : response chunk
D, [2015-02-15T16:46:18.401037 #15013] DEBUG -- : tweet:
D, [2015-02-15T16:46:22.585551 #15013] DEBUG -- : response chunk
D, [2015-02-15T16:46:22.585715 #15013] DEBUG -- : response chunk
D, [2015-02-15T16:46:38.817481 #15013] DEBUG -- : response chunk
D, [2015-02-15T16:46:38.817913 #15013] DEBUG -- : response chunk
D, [2015-02-15T16:46:45.213318 #15013] DEBUG -- : response chunk
D, [2015-02-15T16:46:45.213511 #15013] DEBUG -- : response chunk
D, [2015-02-15T16:46:49.496356 #15013] DEBUG -- : response chunk
D, [2015-02-15T16:46:49.496539 #15013] DEBUG -- : response chunk
D, [2015-02-15T16:46:53.574756 #15013] DEBUG -- : response chunk
D, [2015-02-15T16:46:53.574982 #15013] DEBUG -- : response chunk
D, [2015-02-15T16:47:09.941261 #15013] DEBUG -- : response chunk
D, [2015-02-15T16:47:09.941426 #15013] DEBUG -- : response chunk
D, [2015-02-15T16:47:16.107199 #15013] DEBUG -- : response chunk
D, [2015-02-15T16:47:16.107399 #15013] DEBUG -- : response chunk
D, [2015-02-15T16:47:20.582088 #15013] DEBUG -- : response chunk
D, [2015-02-15T16:47:20.582316 #15013] DEBUG -- : response chunk
D, [2015-02-15T16:47:24.552645 #15013] DEBUG -- : response chunk
D, [2015-02-15T16:47:24.552816 #15013] DEBUG -- : response chunk
D, [2015-02-15T16:47:41.085798 #15013] DEBUG -- : response chunk
D, [2015-02-15T16:47:41.086005 #15013] DEBUG -- : response chunk
D, [2015-02-15T16:47:46.993923 #15013] DEBUG -- : response chunk
D, [2015-02-15T16:47:46.994157 #15013] DEBUG -- : response chunk
D, [2015-02-15T16:47:51.646252 #15013] DEBUG -- : response chunk
D, [2015-02-15T16:47:51.646453 #15013] DEBUG -- : response chunk
D, [2015-02-15T16:47:55.563637 #15013] DEBUG -- : response chunk
D, [2015-02-15T16:47:55.563819 #15013] DEBUG -- : response chunk
D, [2015-02-15T16:48:02.722214 #15013] DEBUG -- : response chunk
D, [2015-02-15T16:48:02.722779 #15013] DEBUG -- : response chunk
D, [2015-02-15T16:48:02.724680 #15013] DEBUG -- : tweet:
D, [2015-02-15T16:48:12.206521 #15013] DEBUG -- : response chunk
D, [2015-02-15T16:48:12.206676 #15013] DEBUG -- : response chunk
D, [2015-02-15T16:48:17.905533 #15013] DEBUG -- : response chunk
D, [2015-02-15T16:48:17.905700 #15013] DEBUG -- : response chunk
D, [2015-02-15T16:48:22.747786 #15013] DEBUG -- : response chunk
D, [2015-02-15T16:48:22.748010 #15013] DEBUG -- : response chunk
D, [2015-02-15T16:48:32.768475 #15013] DEBUG -- : response chunk
D, [2015-02-15T16:48:32.768691 #15013] DEBUG -- : response chunk
D, [2015-02-15T16:48:43.345614 #15013] DEBUG -- : response chunk
D, [2015-02-15T16:48:43.345842 #15013] DEBUG -- : response chunk
D, [2015-02-15T16:48:48.802719 #15013] DEBUG -- : response chunk
D, [2015-02-15T16:48:48.802930 #15013] DEBUG -- : response chunk
D, [2015-02-15T16:48:53.874836 #15013] DEBUG -- : response chunk
D, [2015-02-15T16:48:53.875053 #15013] DEBUG -- : response chunk
D, [2015-02-15T16:49:02.207644 #15013] DEBUG -- : response chunk
D, [2015-02-15T16:49:02.207825 #15013] DEBUG -- : response chunk
D, [2015-02-15T16:49:02.209220 #15013] DEBUG -- : tweet:
D, [2015-02-15T16:49:03.800026 #15013] DEBUG -- : response chunk
D, [2015-02-15T16:49:03.800552 #15013] DEBUG -- : response chunk
D, [2015-02-15T16:49:14.469642 #15013] DEBUG -- : response chunk
D, [2015-02-15T16:49:14.469840 #15013] DEBUG -- : response chunk
D, [2015-02-15T16:49:25.043767 #15013] DEBUG -- : response chunk
D, [2015-02-15T16:49:25.043946 #15013] DEBUG -- : response chunk
D, [2015-02-15T16:49:34.814171 #15013] DEBUG -- : response chunk
D, [2015-02-15T16:49:34.814344 #15013] DEBUG -- : response chunk
D, [2015-02-15T16:49:35.175239 #15013] DEBUG -- : response chunk
D, [2015-02-15T16:49:35.175431 #15013] DEBUG -- : response chunk
D, [2015-02-15T16:49:45.602153 #15013] DEBUG -- : response chunk
D, [2015-02-15T16:49:45.602314 #15013] DEBUG -- : response chunk
D, [2015-02-15T16:49:56.202044 #15013] DEBUG -- : response chunk
D, [2015-02-15T16:49:56.202509 #15013] DEBUG -- : response chunk
D, [2015-02-15T16:50:05.826331 #15013] DEBUG -- : response chunk
D, [2015-02-15T16:50:05.826530 #15013] DEBUG -- : response chunk
D, [2015-02-15T16:50:06.083038 #15013] DEBUG -- : response chunk
D, [2015-02-15T16:50:06.083556 #15013] DEBUG -- : response chunk
D, [2015-02-15T16:50:16.771540 #15013] DEBUG -- : response chunk
D, [2015-02-15T16:50:16.771710 #15013] DEBUG -- : response chunk
D, [2015-02-15T16:50:27.374459 #15013] DEBUG -- : response chunk
D, [2015-02-15T16:50:27.374672 #15013] DEBUG -- : response chunk
D, [2015-02-15T16:50:36.830343 #15013] DEBUG -- : response chunk
D, [2015-02-15T16:50:36.830557 #15013] DEBUG -- : response chunk
D, [2015-02-15T16:50:36.980586 #15013] DEBUG -- : response chunk
D, [2015-02-15T16:50:36.980768 #15013] DEBUG -- : response chunk
D, [2015-02-15T16:50:47.897859 #15013] DEBUG -- : response chunk
D, [2015-02-15T16:50:47.898041 #15013] DEBUG -- : response chunk
D, [2015-02-15T16:50:58.530536 #15013] DEBUG -- : response chunk
D, [2015-02-15T16:50:58.530695 #15013] DEBUG -- : response chunk
D, [2015-02-15T16:51:07.861161 #15013] DEBUG -- : response chunk
D, [2015-02-15T16:51:07.861350 #15013] DEBUG -- : response chunk
D, [2015-02-15T16:51:07.882409 #15013] DEBUG -- : response chunk
D, [2015-02-15T16:51:07.882556 #15013] DEBUG -- : response chunk
D, [2015-02-15T16:51:19.039262 #15013] DEBUG -- : response chunk
D, [2015-02-15T16:51:19.039435 #15013] DEBUG -- : response chunk
D, [2015-02-15T16:51:29.661611 #15013] DEBUG -- : response chunk
D, [2015-02-15T16:51:29.661800 #15013] DEBUG -- : response chunk
D, [2015-02-15T16:51:38.769381 #15013] DEBUG -- : response chunk
D, [2015-02-15T16:51:38.769540 #15013] DEBUG -- : response chunk
D, [2015-02-15T16:51:38.922234 #15013] DEBUG -- : response chunk
D, [2015-02-15T16:51:38.922423 #15013] DEBUG -- : response chunk
D, [2015-02-15T16:51:50.145626 #15013] DEBUG -- : response chunk
D, [2015-02-15T16:51:50.145815 #15013] DEBUG -- : response chunk
D, [2015-02-15T16:52:00.825913 #15013] DEBUG -- : response chunk
D, [2015-02-15T16:52:00.826099 #15013] DEBUG -- : response chunk
D, [2015-02-15T16:52:08.343421 #15013] DEBUG -- : response chunk
D, [2015-02-15T16:52:08.343632 #15013] DEBUG -- : response chunk
D, [2015-02-15T16:52:08.344661 #15013] DEBUG -- : tweet:
D, [2015-02-15T16:52:09.699429 #15013] DEBUG -- : response chunk
D, [2015-02-15T16:52:09.699629 #15013] DEBUG -- : response chunk
D, [2015-02-15T16:52:09.905514 #15013] DEBUG -- : response chunk
D, [2015-02-15T16:52:09.905897 #15013] DEBUG -- : response chunk
D, [2015-02-15T16:52:31.969053 #15013] DEBUG -- : response chunk
D, [2015-02-15T16:52:31.969249 #15013] DEBUG -- : response chunk
D, [2015-02-15T16:52:39.949653 #15013] DEBUG -- : response chunk
D, [2015-02-15T16:52:39.949863 #15013] DEBUG -- : response chunk
D, [2015-02-15T16:52:40.606931 #15013] DEBUG -- : response chunk
D, [2015-02-15T16:52:40.607088 #15013] DEBUG -- : response chunk
D, [2015-02-15T16:52:40.940547 #15013] DEBUG -- : response chunk
D, [2015-02-15T16:52:40.940700 #15013] DEBUG -- : response chunk
D, [2015-02-15T16:53:03.088928 #15013] DEBUG -- : response chunk
D, [2015-02-15T16:53:03.089176 #15013] DEBUG -- : response chunk
D, [2015-02-15T16:53:11.077458 #15013] DEBUG -- : response chunk
D, [2015-02-15T16:53:11.077634 #15013] DEBUG -- : response chunk
D, [2015-02-15T16:53:11.522555 #15013] DEBUG -- : response chunk
D, [2015-02-15T16:53:11.522715 #15013] DEBUG -- : response chunk
D, [2015-02-15T16:53:11.981730 #15013] DEBUG -- : response chunk
D, [2015-02-15T16:53:11.982206 #15013] DEBUG -- : response chunk
D, [2015-02-15T16:53:34.244892 #15013] DEBUG -- : response chunk
D, [2015-02-15T16:53:34.245260 #15013] DEBUG -- : response chunk
D, [2015-02-15T16:53:42.199711 #15013] DEBUG -- : response chunk
D, [2015-02-15T16:53:42.200148 #15013] DEBUG -- : response chunk
D, [2015-02-15T16:53:42.417511 #15013] DEBUG -- : response chunk
D, [2015-02-15T16:53:42.417673 #15013] DEBUG -- : response chunk
D, [2015-02-15T16:53:42.958772 #15013] DEBUG -- : response chunk
D, [2015-02-15T16:53:42.958939 #15013] DEBUG -- : response chunk
D, [2015-02-15T16:54:05.351246 #15013] DEBUG -- : response chunk
D, [2015-02-15T16:54:05.351444 #15013] DEBUG -- : response chunk
D, [2015-02-15T16:54:13.323739 #15013] DEBUG -- : response chunk
D, [2015-02-15T16:54:13.323938 #15013] DEBUG -- : response chunk
D, [2015-02-15T16:54:13.326593 #15013] DEBUG -- : response chunk
D, [2015-02-15T16:54:13.326764 #15013] DEBUG -- : response chunk
D, [2015-02-15T16:54:14.010667 #15013] DEBUG -- : response chunk
D, [2015-02-15T16:54:14.010809 #15013] DEBUG -- : response chunk
D, [2015-02-15T16:54:36.514496 #15013] DEBUG -- : response chunk
D, [2015-02-15T16:54:36.514735 #15013] DEBUG -- : response chunk
D, [2015-02-15T16:54:44.241257 #15013] DEBUG -- : response chunk
D, [2015-02-15T16:54:44.241450 #15013] DEBUG -- : response chunk
D, [2015-02-15T16:54:44.404474 #15013] DEBUG -- : response chunk
D, [2015-02-15T16:54:44.404627 #15013] DEBUG -- : response chunk
D, [2015-02-15T16:54:45.053348 #15013] DEBUG -- : response chunk
D, [2015-02-15T16:54:45.053533 #15013] DEBUG -- : response chunk
D, [2015-02-15T16:55:07.359899 #15013] DEBUG -- : response chunk
D, [2015-02-15T16:55:07.360160 #15013] DEBUG -- : response chunk
D, [2015-02-15T16:55:07.361525 #15013] DEBUG -- : tweet:
D, [2015-02-15T16:55:07.657871 #15013] DEBUG -- : response chunk
D, [2015-02-15T16:55:07.658077 #15013] DEBUG -- : response chunk
D, [2015-02-15T16:55:15.165571 #15013] DEBUG -- : response chunk
D, [2015-02-15T16:55:15.165754 #15013] DEBUG -- : response chunk
D, [2015-02-15T16:55:16.112090 #15013] DEBUG -- : response chunk
D, [2015-02-15T16:55:16.112278 #15013] DEBUG -- : response chunk
D, [2015-02-15T16:55:38.810255 #15013] DEBUG -- : response chunk
D, [2015-02-15T16:55:38.810429 #15013] DEBUG -- : response chunk
D, [2015-02-15T16:55:40.420006 #15013] DEBUG -- : response chunk
D, [2015-02-15T16:55:40.420205 #15013] DEBUG -- : response chunk
D, [2015-02-15T16:55:46.070049 #15013] DEBUG -- : response chunk
D, [2015-02-15T16:55:46.070249 #15013] DEBUG -- : response chunk
D, [2015-02-15T16:55:47.132064 #15013] DEBUG -- : response chunk
D, [2015-02-15T16:55:47.132275 #15013] DEBUG -- : response chunk
D, [2015-02-15T16:56:02.604795 #15013] DEBUG -- : response chunk
D, [2015-02-15T16:56:02.604995 #15013] DEBUG -- : response chunk
D, [2015-02-15T16:56:02.606686 #15013] DEBUG -- : tweet:
D, [2015-02-15T16:56:09.938753 #15013] DEBUG -- : response chunk
D, [2015-02-15T16:56:09.938942 #15013] DEBUG -- : response chunk
D, [2015-02-15T16:56:16.989917 #15013] DEBUG -- : response chunk
D, [2015-02-15T16:56:16.990072 #15013] DEBUG -- : response chunk
D, [2015-02-15T16:56:18.161810 #15013] DEBUG -- : response chunk
D, [2015-02-15T16:56:18.161974 #15013] DEBUG -- : response chunk
D, [2015-02-15T16:56:33.322792 #15013] DEBUG -- : response chunk
D, [2015-02-15T16:56:33.322976 #15013] DEBUG -- : response chunk
