D, [2015-02-15T15:30:08.424783 #15013] DEBUG -- : RND_dat:ぱちおしゃべって
D, [2015-02-15T15:30:10.472819 #15013] DEBUG -- : Jin115:【頭おかしい】 モンペ「いただきます？給食費を払ってんだから、うちの子に言わせんなよ」 http://t.co/QG0XWFMFwH
D, [2015-02-15T15:30:47.754276 #15013] DEBUG -- : itm_nlab:100RT 電通の圧力で記事が削除されたとのデマ拡散　「それ提供記事が一定期間で削除されただけだから」 http://t.co/315vxBd6WO
D, [2015-02-15T15:30:58.326073 #15013] DEBUG -- : itm_nlab:100RT 宮崎駿はテロ事件や表現の自由論争に何を思うのか　TBSラジオ番組が独占インタビューを放送 http://t.co/TJdRAKQu2P
D, [2015-02-15T15:31:20.441067 #15013] DEBUG -- : patiorcc:ぱちおしゃべったんご
D, [2015-02-15T15:31:22.906681 #15013] DEBUG -- : patio_nomurish:ぱちおしゃべったんご
D, [2015-02-15T15:31:22.908208 #15013] DEBUG -- : patio_nomurish:『シン』が消えてから、2年の月日が流れた―――
ぱちおしゃべったんご
D, [2015-02-15T15:32:02.365897 #15013] DEBUG -- : togetter_jp:.@tg_editorさんの「MOSAIC.WAVシングル発売イベント#mosaicwav 即興演奏や制作過程のボツメロ、ラフメロ公開も」に注目中！じわじわきてるよっ！ http://t.co/CrQMQKLz9J
D, [2015-02-15T15:32:34.105043 #15013] DEBUG -- : Jin115:200RT : 若者の恋愛離れが加速ｗｗｗｗｗ　異性とのコミュニケーションがまともに出来ないお前らｗｗｗｗｗ http://t.co/GjqgiVF5Xa
D, [2015-02-15T15:34:06.393697 #15013] DEBUG -- : asahi:たいまつかざして鬼払い　奈良・長谷寺で「だだおし」 http://t.co/rC2Mxjdf0k
D, [2015-02-15T15:35:05.260495 #15013] DEBUG -- : htmk73:【300RT】 【祝】アイマス律子役の声優・若林直美さんが無事女の子を出産！おめでとうございます！！ http://t.co/edmvjxJNJr
D, [2015-02-15T15:36:06.681058 #15013] DEBUG -- : 47news:国会１６日から代表質問　安保、格差問題で論戦 http://t.co/eW3r9jYD1G
D, [2015-02-15T15:36:11.125734 #15013] DEBUG -- : 47news:日韓首脳会談へ「一歩前進」　二階氏、訪韓の成果強調 http://t.co/dc9KfiYqmZ
D, [2015-02-15T15:39:02.313397 #15013] DEBUG -- : togetter_jp:いま人気のまとめはこちらです。もうチェックした？「漫画家アシスタント，これだけは絶対許されないたった１つのこと」 http://t.co/KKV08Nc9u1
D, [2015-02-15T15:40:02.557518 #15013] DEBUG -- : togetter_jp:.@shinyaa31さんの「ライムスター宇多丸のウィークエンドシャッフル 2015/02/14放送分のつぶやき #utamaru」に注目中！これは興味深いまとめだねっ。 http://t.co/elQlz5XJNL
D, [2015-02-15T15:42:28.538720 #15013] DEBUG -- : Jin115:400RT : 【絶対許すな】 刀剣乱舞の新規アカウントがとんでもない値段で売買されていると話題に！ もちろん禁止されてるからな！ http://t.co/ZUPleg0vrx
D, [2015-02-15T15:42:32.573251 #15013] DEBUG -- : Jin115:100RT : 【頭おかしい】 モンペ「いただきます？給食費を払ってんだから、うちの子に言わせんなよ」 http://t.co/QG0XWFMFwH
D, [2015-02-15T15:48:02.652219 #15013] DEBUG -- : togetter_jp:.@hy_clさんの「【朝日新聞】政権批判自粛、広がっていないか　ジャーナリストや学者らが警鐘」がきてるみたいっ。まさかここまでとは！ http://t.co/kxPshIAoJJ
D, [2015-02-15T15:51:02.632095 #15013] DEBUG -- : togetter_jp:いまツイッターで話題のまとめはこちらです。「【ピンチ】合コン持ち帰りされた女子大生が見せた驚きの行動ｗｗｗ まとめ」 http://t.co/b2SXeaD4KW
D, [2015-02-15T15:52:04.763250 #15013] DEBUG -- : TechCrunch:Pitching digital transformation http://t.co/2inmYsO0wd
D, [2015-02-15T15:52:05.690416 #15013] DEBUG -- : 47news:ひとり親在宅就業支援を見直し　実績を重視、事業費削減 http://t.co/3wZlzSwPIQ
D, [2015-02-15T15:55:14.589583 #15013] DEBUG -- : 47news:１０代は「リアル書店」好き　本ネット購入、４０代が最多 http://t.co/7iqPJ9pffj
D, [2015-02-15T15:56:02.912877 #15013] DEBUG -- : togetter_jp:.@kintoki_narutoさんの「ハッカー集団アノニマス、ISISへのサイバー攻撃を宣言（動画あり）」がきてるみたいっ。なんだか気になってきたよ！ http://t.co/pJFYqo0fZc
D, [2015-02-15T15:58:02.950153 #15013] DEBUG -- : 47news:速報:札幌市消防局によると、同市のビルから看板の一部が落下、歩いていた女性の頭に当たった。心肺停止の状態。 http://t.co/unWPgu51El
D, [2015-02-15T15:58:08.659279 #15013] DEBUG -- : asahi:むちのトラウマ？　競走馬、出走できず　ＪＲＡに批判 http://t.co/9IpGaVYej1
D, [2015-02-15T16:00:02.738275 #15013] DEBUG -- : togetter_jp:.@otanoshimi_exさんの「意味がわかるとクスリとくる！編集記号大喜利が面白い」がきてるみたいっ。別に気にならないけどねっ。・・うそ。 http://t.co/apWlTDZwz2
D, [2015-02-15T16:00:02.870814 #15013] DEBUG -- : togetter_jp:いまネットで人気のまとめはこちらです。「宮崎県都城市にふるさと納税すると貰える芋焼酎1年分の量がおかしい！1日1升!?」 http://t.co/rF04AXHZhh
D, [2015-02-15T16:00:04.100691 #15013] DEBUG -- : 47news:速報:フィギュアスケートの四大陸選手権の女子は宮原知子が２位、本郷理華が３位に入った。永井優香は６位。 http://t.co/unWPgu51El
D, [2015-02-15T16:00:08.976114 #15013] DEBUG -- : Jin115:【フリーダム】NASAのクルーメンバー紹介ポスターがとても『スター・ウォーズ』風だと話題にｗｗｗ http://t.co/CQq8s9vbz6
D, [2015-02-15T16:00:13.215647 #15013] DEBUG -- : htmk73:【ラブライブ！】μ'sが生出演する『Rの法則』は明日16日18時55分から放送！見逃すなああああ http://t.co/4A30K42mna
D, [2015-02-15T16:02:31.555893 #15013] DEBUG -- : Jin115:200RT : 【頭おかしい】 モンペ「いただきます？給食費を払ってんだから、うちの子に言わせんなよ」 http://t.co/QG0XWFMFwH
D, [2015-02-15T16:04:06.370452 #15013] DEBUG -- : asahi:宮原知子が２位、本郷理華３位　フィギュア四大陸選手権 http://t.co/OGya67DauW
D, [2015-02-15T16:08:02.544730 #15013] DEBUG -- : togetter_jp:.@shinoeggさんの「チョコ作ってたらゴーストバスターズを呼ばれた件」に超注目！ここまで伸びるとはすごいなぁ。 http://t.co/mvwZmOd5N2
D, [2015-02-15T16:13:07.410582 #15013] DEBUG -- : RND_dat:たなぼた
D, [2015-02-15T16:16:02.479705 #15013] DEBUG -- : togetter_jp:.@dg1053さんの「20150214『電磁マシマシ』×『第7回日本タイトルだけ大賞』UST記録」が伸びてるみたい。内容が気になるね！ http://t.co/W9kWriKIFE
D, [2015-02-15T16:18:06.501593 #15013] DEBUG -- : asahi:住宅全焼、焼け跡から２人の遺体　鹿児島 http://t.co/0BALboUcS1
D, [2015-02-15T16:18:08.851645 #15013] DEBUG -- : asahi:帝京大、準々決勝で敗退　ラグビー日本選手権 http://t.co/n1dmm1cWB5
D, [2015-02-15T16:20:28.661155 #15013] DEBUG -- : tenkijp:【今週の天気　寒暖日替わりも春の兆し】 http://t.co/1JiBkDc84z 今週は北日本と西日本は暖傾向ですが、東京など東日本は寒暖日替わりとなりそう。特に、火曜と水曜は冷たい.. http://t.co/WdFQasCUuI
D, [2015-02-15T16:21:11.445662 #15013] DEBUG -- : htmk73:モンペ「給食費払ってるんだから、うちの子に『いただきます』と言わせないで」 http://t.co/NHy2pwShSp
D, [2015-02-15T16:22:09.305144 #15013] DEBUG -- : 47news:陸上、木村慎が初優勝　熊日３０キロロードレース http://t.co/EwxsVJY05u
D, [2015-02-15T16:22:12.386535 #15013] DEBUG -- : 47news:男子立位で新田が２位　障害者スキーＷ杯距離 http://t.co/N6UyzrLDec
D, [2015-02-15T16:22:32.756003 #15013] DEBUG -- : Jin115:400RT : 若者の恋愛離れが加速ｗｗｗｗｗ　異性とのコミュニケーションがまともに出来ないお前らｗｗｗｗｗ http://t.co/GjqgiVF5Xa
D, [2015-02-15T16:22:33.995484 #15013] DEBUG -- : Jin115:400RT : 【頭おかしい】 モンペ「いただきます？給食費を払ってんだから、うちの子に言わせんなよ」 http://t.co/QG0XWFMFwH
D, [2015-02-15T16:24:03.065549 #15013] DEBUG -- : togetter_jp:.@udon_u_donさんの「[衝撃] 関東と関西では「桜餅」の形状が全く違うらしい」がスゴイ！もしまだチェックしていないならいますぐっ http://t.co/HQtoLAl46A
D, [2015-02-15T16:24:06.180034 #15013] DEBUG -- : asahi:ビルから看板落下、２０代女性が心肺停止　札幌 http://t.co/d651PA9ULI
D, [2015-02-15T16:27:02.447519 #15013] DEBUG -- : togetter_jp:いまネットで人気のまとめはこちらです。「チョコ作ってたらゴーストバスターズを呼ばれた件」 http://t.co/mvwZmOd5N2
D, [2015-02-15T16:28:38.363751 #15013] DEBUG -- : hamusoku:フィリピンでやけに細長いガンダムっぽいなにかの像が大地に立つｗｗｗｗｗｗｗｗ　:　ハムスター速報  http://t.co/NuZY2CafML @hamusoku
D, [2015-02-15T16:30:03.628509 #15013] DEBUG -- : htmk73:【1000RT】 また意味不明な「性犯罪」に関する罰則強化案が提出される　中学生のカップルがキスをすると男だけ強制わいせつ罪になるおそれ http://t.co/NJkQjhduRj
D, [2015-02-15T16:30:08.436842 #15013] DEBUG -- : Jin115:【日本は恥を知れ！】 シー・シェパードが世界各地でイルカ漁をやめるよう抗議活動！ 有名俳優までコメントしてんだけど・・・ http://t.co/xGR9KlpJ3o
D, [2015-02-15T16:32:02.132207 #15013] DEBUG -- : togetter_jp:.@ukkariinaさんの「生きているアオイガイ」がきてるみたいっ。早くしないと乗りおくれるよ！ http://t.co/RixvBpCXGc
D, [2015-02-15T16:33:03.530589 #15013] DEBUG -- : htmk73:【100RT】 【ラブライブ！】μ'sが生出演する『Rの法則』は明日16日18時55分から放送！見逃すなああああ http://t.co/4A30K42mna
D, [2015-02-15T16:36:03.224525 #15013] DEBUG -- : 47news:札幌でビルの看板落下、女性重体　歩行中、頭に当たる http://t.co/A8o4Z1VuLu
D, [2015-02-15T16:40:03.064205 #15013] DEBUG -- : togetter_jp:.@kukeihaさんの「2015.2.13 真鍋大度と徳井直生による「2045」1回目 at KATA」がきてるみたいっ。別に気にならないけどねっ。・・うそ。 http://t.co/26RpA5SZf9
D, [2015-02-15T16:42:02.054672 #15013] DEBUG -- : nhk_news:【速報 JUST IN 】東海道新幹線 新横浜～小田原 運転見合わせ http://t.co/2mfR7jSLnF #nhk_news
D, [2015-02-15T16:42:12.229549 #15013] DEBUG -- : htmk73:『ゲームの電撃 感謝祭2015』でコンパイルハートが重大発表！ネプテューヌシリーズの新作発表くるー！？ http://t.co/GYjhJJIPSz
D, [2015-02-15T16:46:06.245231 #15013] DEBUG -- : asahi:発砲事件の容疑者とみられる男を射殺　デンマーク警察 http://t.co/oLshRhGfzF
D, [2015-02-15T16:46:18.401115 #15013] DEBUG -- : itm_nlab:50RT TVアニメ「ユリ熊嵐」公式Twitterアカウントが新規で復活 http://t.co/UlJNd5FYRV
D, [2015-02-15T16:48:02.724752 #15013] DEBUG -- : togetter_jp:.@kiichioさんの「【リア充なんかに】バレンタイン迎撃作戦に出撃した自宅警備隊員たちの勇姿まとめ【負けない！】」がきてるみたいっ。ネットで話題のまとめだよっ http://t.co/w3ooLjYNek
D, [2015-02-15T16:49:02.209332 #15013] DEBUG -- : nhk_news:東海道新幹線 新横浜～小田原 運転見合わせ http://t.co/kZDqyjz9wZ #nhk_news
D, [2015-02-15T16:52:08.344712 #15013] DEBUG -- : 47news:ＮＹ近郊の土地格安で売り出す　バレンタインデーでカップルに http://t.co/n6O5oj1yLz
D, [2015-02-15T16:55:07.361578 #15013] DEBUG -- : TechCrunch:We were lucky enough to be given a tour of the Quantum of the Seas, a high-tech cruise ship http://t.co/YyLOwOCDkj http://t.co/qKcwY2eG5x
D, [2015-02-15T16:56:02.606759 #15013] DEBUG -- : togetter_jp:.@Satoko_Tokutakeさんの「若者の住宅問題～実家を出たくても出られず、将来にも希望を持てない。（2/8 ビッグイシュー基..」に大注目！早くあなたもチェックしましょ？ http://t.co/1uIJ4z7reH
